Blacklisted PRBs 0/106
-5.-5.-5.-5.-5.-5.-5.-5.-5.-5.-5.-5.-5.-2.-2.-5.-5.-5.-5.-5.-5.-5.-2.-2. 0.
-2.-5.-5.-5.-5.-5.-5.-5.-5.-5.-5.-5.-5.-5.-5.-5.-2.-2. 0. 0. 0.-2.-5.-5.-5.
 2. 5. 6.-5.17.13. 8. 6. 2. 1. 0.-2.-2.-2. 0.-2.-5.-5.-5.-2. 0. 0.-2.-2.-5.
-5.-2.-2.-2. 0.-2.-2.-5.-5.-5.-5.-5.-5.-5.-5.-2.-2.-5.-5.-5.-5.-5.-5.-5.-2.
-2.-5.-5.-5.-5.-5.
max_IO = 22 (54), min_I0 = 0 (0), avg_I0 = 5 dB(5.5.5.5.)
PRACH I0 = 0.0 dB
DLSCH RNTI d97d: current_Qm 2, current_RI 1, total_bytes TX 1133
ULSCH RNTI d97d, 958: ulsch_power[0] 51,0 ulsch_noise_power[0] 0.0, sync_pos -2
                  ulsch_power[1] 51.0, ulsch_noise_power[1] 0.0
                  ulsch_power[2] 51.0, ulsch_noise_power[2] 0.0
                  ulsch_power[3] 51.0, ulsch_noise_power[3] 0.0
                 round_trials 81(0.0e+00):0(0.0e+00):0(0.0e+00):0, DTX 0, current_Qm 0, current_RI 0, total_bytes RX/SCHED 0/0

 0, current_RI 0, total_bytes RX/SCHED 0/0
ULSCH RNTI d97d, 184: ulsch_power[0] 51,0 ulsch_noise_power[0] 0.0, sync_pos -1
                  ulsch_power[1] 51.0, ulsch_noise_power[1] 0.0
                  ulsch_power[2] 51.0, ulsch_noise_power[2] 0.0
                  ulsch_power[3] 51.0, ulsch_noise_power[3] 0.0
                 round_trials 1(0.0e+00):0(0.0e+00):0(0.0e+00):0, DTX 0, current_Qm 0, current_RI 0, total_bytes RX/SCHED 0/0

