===== CU stdout (tail -n 100) =====
[ENB_APP]   nfapi (0) running mode: MONOLITHIC
[0m[GNB_APP]   Getting GNBSParams
[0m[OPT]   OPT disabled
[0m[HW]   Version: Branch: HEAD Abrev. Hash: 7026763286 Date: Tue Jul 2 12:38:22 2024 +0000
[0m[PHY]   create_gNB_tasks() Task ready initialize structures
[0m[NR_PHY]   RC.gNB = 0x57aed2db1a20
[0m[PHY]   No prs_config configuration found..!!
[0m[PHY]   create_gNB_tasks() RC.nb_nr_L1_inst:0
[0m[GNB_APP]   Allocating gNB_RRC_INST for 1 instances
[0m[GNB_APP]   F1AP: gNB_CU_id[0] 3584
[0m[GNB_APP]   F1AP: gNB_CU_name[0] gNB-Eurecom-CU
[0m[GNB_APP]   SDAP layer is disabled
[0m[GNB_APP]   Data Radio Bearer count 1
[0m[NR_RRC]   do_SIB23_NR, size 9 
 [0m[PDCP]   pdcp init,usegtp 
[0m[GNB_APP]   default drx 0
[0m[GNB_APP]   [gNB 0] gNB_app_register for instance 0
[0m[UTIL]   threadCreate() for TASK_SCTP: creating thread with affinity ffffffff, priority 50
[0m[ITTI]   Created Posix thread TASK_SCTP
[0m[X2AP]   X2AP is disabled.
[0m[UTIL]   threadCreate() for TASK_NGAP: creating thread with affinity ffffffff, priority 50
[0m[ITTI]   Created Posix thread TASK_NGAP
[0m[UTIL]   threadCreate() for TASK_GNB_APP: creating thread with affinity ffffffff, priority 50
[0m[NGAP]   Registered new gNB[0] and macro gNB id 3584
[0m[NGAP]   [gNB 0] check the amf registration state
[0m[ITTI]   Created Posix thread TASK_GNB_APP
[0m[UTIL]   threadCreate() for TASK_RRC_GNB: creating thread with affinity ffffffff, priority 50
[0m[93m[SCTP]   sctp_bindx() SCTP_BINDX_ADD_ADDR failed: errno 99 Cannot assign requested address
[0m[1;31m[SCTP]   could not open socket, no SCTP connection established
[0m[ITTI]   Created Posix thread TASK_RRC_GNB
[0m[NR_RRC]   Entering main loop of NR_RRC message task
[0m[GTPU]   Configuring GTPu
[0m[UTIL]   threadCreate() for TASK_CU_F1: creating thread with affinity ffffffff, priority 50
[0m[GTPU]   SA mode 
[0m[GTPU]   Configuring GTPu address : 192.168.8.43, port : 2152
[0m[GTPU]   Initializing UDP for local address 192.168.8.43 with port 2152
[0m[93m[GTPU]   bind: Cannot assign requested address
[0m[1;31m[GTPU]   failed to bind socket: 192.168.8.43 2152 
[0m[1;31m[GTPU]   can't create GTP-U instance
[0m[GTPU]   Created gtpu instance id: -1
[0m[1;31m[E1AP]   Failed to create CUUP N3 UDP listener[0m[UTIL]   threadCreate() for TASK_GTPV1_U: creating thread with affinity ffffffff, priority 50
[0m[NR_RRC]   Accepting new CU-UP ID 3584 name gNB-Eurecom-CU (assoc_id -1)
[0m[F1AP]   Starting F1AP at CU
[0m[ITTI]   Created Posix thread TASK_CU_F1
[0m[F1AP]   F1AP_CU_SCTP_REQ(create socket) for 127.0.0.5 len 10
[0m[GTPU]   Initializing UDP for local address 127.0.0.5 with port 2152
[0m[ITTI]   Created Posix thread TASK_GTPV1_U
[0m[GTPU]   Created gtpu instance id: 97
[0m[NR_RRC]   Received F1 Setup Request from gNB_DU 3584 (gNB-Eurecom-DU) on assoc_id 1188
[0m[RRC]   Accepting DU 3584 (gNB-Eurecom-DU), sending F1 Setup Response
[0m[RRC]   DU uses RRC version 17.3.0
[0m[NR_RRC]   Decoding CCCH: RNTI 0116, payload_size 6
[0m[NR_RRC]   Created new UE context: CU UE ID 1 DU UE ID 278 (rnti: 0116, random ue id a62b1aab05000000)
[0m[RRC]   activate SRB 1 of UE 1
[0m[NR_RRC]   rrc_gNB_generate_RRCSetup for RNTI 0116
[0m[32m[NR_RRC]   UE 1 Processing NR_RRCSetupComplete from UE
[0m[NR_RRC]   [FRAME 00000][gNB][MOD 00][RNTI 1] UE State = NR_RRC_CONNECTED 
[0m[93m[NGAP]   No AMF is associated to the gNB
[0m
===== DU stdout (tail -n 100) =====
[0m[34m[HW]   Waiting on socket, current last ts: 590007519, expected at least : 590008320
[0m[34m[HW]   Socket rcv 65459 bytes
[0m[34m[HW]   UEsock: 103 Set b->lastReceivedTS 590023884
[0m[34m[HW]   Rx to upper layer: 30720 from 589977600 to 590008320, energy in first antenna 0
[0m[34m[HW]   Enter rfsimulator_read, expect 30720 samples, will release at TS: 590039040, nbAnt 4
[0m[34m[HW]   Waiting on socket, current last ts: 590023884, expected at least : 590039040
[0m[34m[HW]   Socket rcv 57421 bytes
[0m[34m[HW]   UEsock: 103 Set b->lastReceivedTS 590038239
[0m[34m[HW]   UEsock: 103 Completed block reception: 590038239
[0m[34m[HW]   Waiting on socket, current last ts: 590038239, expected at least : 590039040
[0m[34m[HW]   Sending 30720 samples at time: 590131200, nbAnt 4
[0m[34m[HW]   write() failed, errno(11)
[0m[34m[HW]   write() failed, errno(11)
[0m[34m[HW]   Socket rcv 24 bytes
[0m[34m[HW]   UEsock: 103 Set b->lastReceivedTS 590038239
[0m[34m[HW]   Waiting on socket, current last ts: 590038239, expected at least : 590039040
[0m[34m[HW]   Sent 30720 samples at time: 590131200->590161920, energy in first antenna: 0
[0m[34m[HW]   Socket rcv 65483 bytes
[0m[34m[HW]   UEsock: 103 Set b->lastReceivedTS 590054610
[0m[34m[HW]   Rx to upper layer: 30720 from 590008320 to 590039040, energy in first antenna 0
[0m[34m[HW]   Enter rfsimulator_read, expect 30720 samples, will release at TS: 590069760, nbAnt 4
[0m[34m[HW]   Waiting on socket, current last ts: 590054610, expected at least : 590069760
[0m[34m[HW]   Socket rcv 57397 bytes
[0m[34m[HW]   UEsock: 103 Set b->lastReceivedTS 590068959
[0m[34m[HW]   UEsock: 103 Completed block reception: 590068959
[0m[34m[HW]   Waiting on socket, current last ts: 590068959, expected at least : 590069760
[0m[34m[HW]   Sending 30720 samples at time: 590161920, nbAnt 4
[0m[34m[HW]   write() failed, errno(11)
[0m[34m[HW]   write() failed, errno(11)
[0m[34m[HW]   Socket rcv 24 bytes
[0m[34m[HW]   UEsock: 103 Set b->lastReceivedTS 590068959
[0m[34m[HW]   Waiting on socket, current last ts: 590068959, expected at least : 590069760
[0m[34m[HW]   Sent 30720 samples at time: 590161920->590192640, energy in first antenna: 0
[0m[34m[HW]   Socket rcv 122880 bytes
[0m[34m[HW]   UEsock: 103 Set b->lastReceivedTS 590099679
[0m[34m[HW]   UEsock: 103 Completed block reception: 590099679
[0m[34m[HW]   Rx to upper layer: 30720 from 590039040 to 590069760, energy in first antenna 0
[0m[34m[HW]   Enter rfsimulator_read, expect 30720 samples, will release at TS: 590100480, nbAnt 4
[0m[34m[HW]   Waiting on socket, current last ts: 590099679, expected at least : 590100480
[0m[34m[HW]   Sending 30720 samples at time: 590192640, nbAnt 4
[0m[34m[HW]   write() failed, errno(11)
[0m[34m[HW]   write() failed, errno(11)
[0m[34m[HW]   Socket rcv 24 bytes
[0m[34m[HW]   UEsock: 103 Set b->lastReceivedTS 590099679
[0m[34m[HW]   Waiting on socket, current last ts: 590099679, expected at least : 590100480
[0m[34m[HW]   Sent 30720 samples at time: 590192640->590223360, energy in first antenna: 0
[0m[34m[HW]   Socket rcv 122880 bytes
[0m[34m[HW]   UEsock: 103 Set b->lastReceivedTS 590130399
[0m[34m[HW]   UEsock: 103 Completed block reception: 590130399
[0m[34m[HW]   Rx to upper layer: 30720 from 590069760 to 590100480, energy in first antenna 324
[0m[34m[HW]   Enter rfsimulator_read, expect 30720 samples, will release at TS: 590131200, nbAnt 4
[0m[34m[HW]   Waiting on socket, current last ts: 590130399, expected at least : 590131200
[0m[34m[HW]   Sending 30720 samples at time: 590223360, nbAnt 4
[0m[34m[HW]   write() failed, errno(11)
[0m[34m[HW]   write() failed, errno(11)
[0m[34m[HW]   write() failed, errno(11)
[0m[34m[HW]   write() failed, errno(11)
[0m[34m[HW]   write() failed, errno(11)
[0m[34m[HW]   write() failed, errno(11)
[0m[34m[HW]   write() failed, errno(11)
[0m[34m[HW]   write() failed, errno(11)
[0m[34m[HW]   write() failed, errno(11)
[0m[34m[HW]   Socket rcv 24 bytes
[0m[34m[HW]   UEsock: 103 Set b->lastReceivedTS 590130399
[0m[34m[HW]   Waiting on socket, current last ts: 590130399, expected at least : 590131200
[0m[34m[HW]   Socket rcv 122880 bytes
[0m[34m[HW]   UEsock: 103 Set b->lastReceivedTS 590161119
[0m[34m[HW]   UEsock: 103 Completed block reception: 590161119
[0m[34m[HW]   Sent 30720 samples at time: 590223360->590254080, energy in first antenna: 0
[0m[34m[HW]   Rx to upper layer: 30720 from 590100480 to 590131200, energy in first antenna 0
[0m[34m[HW]   Enter rfsimulator_read, expect 30720 samples, will release at TS: 590161920, nbAnt 4
[0m[34m[HW]   Waiting on socket, current last ts: 590161119, expected at least : 590161920
[0m[34m[HW]   Sending 30720 samples at time: 590254080, nbAnt 4
[0m[34m[HW]   write() failed, errno(11)
[0m[34m[HW]   Socket rcv 24 bytes
[0m[34m[HW]   UEsock: 103 Set b->lastReceivedTS 590161119
[0m[34m[HW]   Waiting on socket, current last ts: 590161119, expected at least : 590161920
[0m[34m[HW]   Sent 30720 samples at time: 590254080->590284800, energy in first antenna: 0
[0m[34m[HW]   Socket rcv 122880 bytes
[0m[34m[HW]   UEsock: 103 Set b->lastReceivedTS 590191839
[0m[34m[HW]   UEsock: 103 Completed block reception: 590191839
[0m[34m[HW]   Rx to upper layer: 30720 from 590131200 to 590161920, energy in first antenna 0
[0m[34m[HW]   Enter rfsimulator_read, expect 30720 samples, will release at TS: 590192640, nbAnt 4
[0m[34m[HW]   Waiting on socket, current last ts: 590191839, expected at least : 590192640
[0m[34m[HW]   Sending 30720 samples at time: 590284800, nbAnt 4
[0m[34m[HW]   write() failed, errno(11)
[0m[34m[HW]   Socket rcv 24 bytes
[0m[34m[HW]   UEsock: 103 Set b->lastReceivedTS 590191839
[0m[34m[HW]   Waiting on socket, current last ts: 590191839, expected at least : 590192640
[0m[34m[HW]   Sent 30720 samples at time: 590284800->590315520, energy in first antenna: 0
[0m[34m[HW]   Socket rcv 122880 bytes
[0m[34m[HW]   UEsock: 103 Set b->lastReceivedTS 590222559
[0m[34m[HW]   UEsock: 103 Completed block reception: 590222559
[0m[34m[HW]   Rx to upper layer: 30720 from 590161920 to 590192640, energy in first antenna 0
[0m[34m[HW]   Enter rfsimulator_read, expect 30720 samples, will release at TS: 590223360, nbAnt 4
[0m[34m[HW]   Waiting on socket, current last ts: 590222559, expected at least : 590223360
[0m[34m[HW]   Sending 30720 samples at time: 590315520, nbAnt 4
[0m[34m[HW]   write() failed, errno(11)
[0m[34m[HW]   write() failed, errno(11)
[0m
===== UE stdout (tail -n 100) =====
[0m[NR_PHY]   ============================================
[0m[NR_PHY]   Harq round stats for Downlink: 7/0/0
[0m[NR_PHY]   ============================================
[0m[NR_MAC]   NR band duplex spacing is 0 KHz (nr_bandtable[40].band = 78)
[0m[NR_MAC]   NR band 78, duplex mode TDD, duplex spacing = 0 KHz
[0m[NR_MAC]   NR band duplex spacing is 0 KHz (nr_bandtable[40].band = 78)
[0m[NR_MAC]   NR band 78, duplex mode TDD, duplex spacing = 0 KHz
[0m[NR_MAC]   NR band duplex spacing is 0 KHz (nr_bandtable[40].band = 78)
[0m[NR_MAC]   NR band 78, duplex mode TDD, duplex spacing = 0 KHz
[0m[NR_MAC]   NR band duplex spacing is 0 KHz (nr_bandtable[40].band = 78)
[0m[NR_MAC]   NR band 78, duplex mode TDD, duplex spacing = 0 KHz
[0m[NR_MAC]   NR band duplex spacing is 0 KHz (nr_bandtable[40].band = 78)
[0m[NR_MAC]   NR band 78, duplex mode TDD, duplex spacing = 0 KHz
[0m[NR_MAC]   NR band duplex spacing is 0 KHz (nr_bandtable[40].band = 78)
[0m[NR_MAC]   NR band 78, duplex mode TDD, duplex spacing = 0 KHz
[0m[NR_MAC]   NR band duplex spacing is 0 KHz (nr_bandtable[40].band = 78)
[0m[NR_MAC]   NR band 78, duplex mode TDD, duplex spacing = 0 KHz
[0m[NR_PHY]   ============================================
[0m[NR_PHY]   Harq round stats for Downlink: 8/0/0
[0m[NR_PHY]   ============================================
[0m[NR_MAC]   NR band duplex spacing is 0 KHz (nr_bandtable[40].band = 78)
[0m[NR_MAC]   NR band 78, duplex mode TDD, duplex spacing = 0 KHz
[0m[NR_MAC]   NR band duplex spacing is 0 KHz (nr_bandtable[40].band = 78)
[0m[NR_MAC]   NR band 78, duplex mode TDD, duplex spacing = 0 KHz
[0m[NR_MAC]   NR band duplex spacing is 0 KHz (nr_bandtable[40].band = 78)
[0m[NR_MAC]   NR band 78, duplex mode TDD, duplex spacing = 0 KHz
[0m[NR_MAC]   NR band duplex spacing is 0 KHz (nr_bandtable[40].band = 78)
[0m[NR_MAC]   NR band 78, duplex mode TDD, duplex spacing = 0 KHz
[0m[NR_MAC]   NR band duplex spacing is 0 KHz (nr_bandtable[40].band = 78)
[0m[NR_MAC]   NR band 78, duplex mode TDD, duplex spacing = 0 KHz
[0m[NR_MAC]   NR band duplex spacing is 0 KHz (nr_bandtable[40].band = 78)
[0m[NR_MAC]   NR band 78, duplex mode TDD, duplex spacing = 0 KHz
[0m[NR_PHY]   ============================================
[0m[NR_PHY]   Harq round stats for Downlink: 9/0/0
[0m[NR_PHY]   ============================================
[0m[NR_MAC]   NR band duplex spacing is 0 KHz (nr_bandtable[40].band = 78)
[0m[NR_MAC]   NR band 78, duplex mode TDD, duplex spacing = 0 KHz
[0m[NR_MAC]   NR band duplex spacing is 0 KHz (nr_bandtable[40].band = 78)
[0m[NR_MAC]   NR band 78, duplex mode TDD, duplex spacing = 0 KHz
[0m[NR_MAC]   NR band duplex spacing is 0 KHz (nr_bandtable[40].band = 78)
[0m[NR_MAC]   NR band 78, duplex mode TDD, duplex spacing = 0 KHz
[0m[NR_MAC]   NR band duplex spacing is 0 KHz (nr_bandtable[40].band = 78)
[0m[NR_MAC]   NR band 78, duplex mode TDD, duplex spacing = 0 KHz
[0m[NR_MAC]   NR band duplex spacing is 0 KHz (nr_bandtable[40].band = 78)
[0m[NR_MAC]   NR band 78, duplex mode TDD, duplex spacing = 0 KHz
[0m[NR_MAC]   NR band duplex spacing is 0 KHz (nr_bandtable[40].band = 78)
[0m[NR_MAC]   NR band 78, duplex mode TDD, duplex spacing = 0 KHz
[0m[NR_PHY]   ============================================
[0m[NR_PHY]   Harq round stats for Downlink: 9/0/0
[0m[NR_PHY]   ============================================
[0m[NR_MAC]   NR band duplex spacing is 0 KHz (nr_bandtable[40].band = 78)
[0m[NR_MAC]   NR band 78, duplex mode TDD, duplex spacing = 0 KHz
[0m[NR_MAC]   NR band duplex spacing is 0 KHz (nr_bandtable[40].band = 78)
[0m[NR_MAC]   NR band 78, duplex mode TDD, duplex spacing = 0 KHz
[0m[NR_MAC]   NR band duplex spacing is 0 KHz (nr_bandtable[40].band = 78)
[0m[NR_MAC]   NR band 78, duplex mode TDD, duplex spacing = 0 KHz
[0m[NR_MAC]   NR band duplex spacing is 0 KHz (nr_bandtable[40].band = 78)
[0m[NR_MAC]   NR band 78, duplex mode TDD, duplex spacing = 0 KHz
[0m[NR_MAC]   NR band duplex spacing is 0 KHz (nr_bandtable[40].band = 78)
[0m[NR_MAC]   NR band 78, duplex mode TDD, duplex spacing = 0 KHz
[0m[NR_MAC]   NR band duplex spacing is 0 KHz (nr_bandtable[40].band = 78)
[0m[NR_MAC]   NR band 78, duplex mode TDD, duplex spacing = 0 KHz
[0m[NR_MAC]   NR band duplex spacing is 0 KHz (nr_bandtable[40].band = 78)
[0m[NR_MAC]   NR band 78, duplex mode TDD, duplex spacing = 0 KHz
[0m[NR_PHY]   ============================================
[0m[NR_PHY]   Harq round stats for Downlink: 10/0/0
[0m[NR_PHY]   ============================================
[0m[NR_MAC]   NR band duplex spacing is 0 KHz (nr_bandtable[40].band = 78)
[0m[NR_MAC]   NR band 78, duplex mode TDD, duplex spacing = 0 KHz
[0m[NR_MAC]   NR band duplex spacing is 0 KHz (nr_bandtable[40].band = 78)
[0m[NR_MAC]   NR band 78, duplex mode TDD, duplex spacing = 0 KHz
[0m[NR_MAC]   NR band duplex spacing is 0 KHz (nr_bandtable[40].band = 78)
[0m[NR_MAC]   NR band 78, duplex mode TDD, duplex spacing = 0 KHz
[0m[NR_MAC]   NR band duplex spacing is 0 KHz (nr_bandtable[40].band = 78)
[0m[NR_MAC]   NR band 78, duplex mode TDD, duplex spacing = 0 KHz
[0m[NR_MAC]   NR band duplex spacing is 0 KHz (nr_bandtable[40].band = 78)
[0m[NR_MAC]   NR band 78, duplex mode TDD, duplex spacing = 0 KHz
[0m[NR_MAC]   NR band duplex spacing is 0 KHz (nr_bandtable[40].band = 78)
[0m[NR_MAC]   NR band 78, duplex mode TDD, duplex spacing = 0 KHz
[0m[NR_PHY]   ============================================
[0m[NR_PHY]   Harq round stats for Downlink: 11/0/0
[0m[NR_PHY]   ============================================
[0m[NR_MAC]   NR band duplex spacing is 0 KHz (nr_bandtable[40].band = 78)
[0m[NR_MAC]   NR band 78, duplex mode TDD, duplex spacing = 0 KHz
[0m[NR_MAC]   NR band duplex spacing is 0 KHz (nr_bandtable[40].band = 78)
[0m[NR_MAC]   NR band 78, duplex mode TDD, duplex spacing = 0 KHz
[0m[NR_MAC]   NR band duplex spacing is 0 KHz (nr_bandtable[40].band = 78)
[0m[NR_MAC]   NR band 78, duplex mode TDD, duplex spacing = 0 KHz
[0m[NR_MAC]   NR band duplex spacing is 0 KHz (nr_bandtable[40].band = 78)
[0m[NR_MAC]   NR band 78, duplex mode TDD, duplex spacing = 0 KHz
[0m[NR_MAC]   NR band duplex spacing is 0 KHz (nr_bandtable[40].band = 78)
[0m[NR_MAC]   NR band 78, duplex mode TDD, duplex spacing = 0 KHz
[0m[NR_MAC]   NR band duplex spacing is 0 KHz (nr_bandtable[40].band = 78)
[0m[NR_MAC]   NR band 78, duplex mode TDD, duplex spacing = 0 KHz
[0m[NR_MAC]   NR band duplex spacing is 0 KHz (nr_bandtable[40].band = 78)
[0m[NR_MAC]   NR band 78, duplex mode TDD, duplex spacing = 0 KHz
[0m[NR_PHY]   ============================================
[0m[NR_PHY]   Harq round stats for Downlink: 11/0/0
[0m[NR_PHY]   ============================================
[0m
