===== CU stdout (tail -n 100) =====
[HW]   Version: Branch: HEAD Abrev. Hash: 7026763286 Date: Tue Jul 2 12:38:22 2024 +0000
[0m[PHY]   create_gNB_tasks() Task ready initialize structures
[0m[PHY]   No prs_config configuration found..!!
[0m[PHY]   create_gNB_tasks() RC.nb_nr_L1_inst:0
[0m[PDCP]   pdcp init,usegtp 
[0m[NGAP]   Registered new gNB[0] and macro gNB id 3584
[0m[NGAP]   [gNB 0] check the amf registration state
[0m[1;31m[SCTP]   could not open socket, no SCTP connection established
[0m[1;31m[GTPU]   failed to bind socket: 192.168.8.43 2152 
[0m[1;31m[GTPU]   can't create GTP-U instance
[0m[1;31m[E1AP]   Failed to create CUUP N3 UDP listener[0m[F1AP]   Starting F1AP at CU
[0m[F1AP]   F1AP_CU_SCTP_REQ(create socket) for 127.0.0.5 len 10
[0m[RRC]   Accepting DU 3584 (gNB-Eurecom-DU), sending F1 Setup Response
[0m[RRC]   DU uses RRC version 17.3.0
[0m[RRC]   activate SRB 1 of UE 1
[0m[93m[NGAP]   No AMF is associated to the gNB
[0m
===== DU stdout (tail -n 100) =====
[0m[PHY]   fp->ofdm_offset_divisor=8
[0m[PHY]   fp->threequarter_fs=0
[0m[PHY]   fp->sl_CarrierFreq=0
[0m[PHY]   fp->N_RB_SL=0
[0m[PHY]   Initializing RU signal buffers (if_south local RF) nb_tx 4, nb_rx 4
[0m[PHY]   [INIT] common.txdata[0] = 0x7cc54c564040 (2457600 bytes,sf_extension 0)
[0m[PHY]   [INIT] common.txdata[0] = 0x7cc54c564040 
[0m[PHY]   [INIT] common.txdata[1] = 0x7cc54c30b040 (2457600 bytes,sf_extension 0)
[0m[PHY]   [INIT] common.txdata[1] = 0x7cc54c30b040 
[0m[PHY]   [INIT] common.txdata[2] = 0x7cc54c0b2040 (2457600 bytes,sf_extension 0)
[0m[PHY]   [INIT] common.txdata[2] = 0x7cc54c0b2040 
[0m[PHY]   [INIT] common.txdata[3] = 0x7cc53e5a4040 (2457600 bytes,sf_extension 0)
[0m[PHY]   [INIT] common.txdata[3] = 0x7cc53e5a4040 
[0m[PHY]   nb_tx 4
[0m[PHY]   rxdata_7_5kHz[0] 0x7cc53db4f040 for RU 0
[0m[PHY]   rxdata_7_5kHz[1] 0x7cc53da5e040 for RU 0
[0m[PHY]   rxdata_7_5kHz[2] 0x7cc53d96d040 for RU 0
[0m[PHY]   rxdata_7_5kHz[3] 0x7cc53d87c040 for RU 0
[0m[PHY]   [INIT] common.txdata_BF= 0x7cc534000ae0 (32 bytes)
[0m[PHY]   txdataF_BF[0] 0x7cc54c079040 for RU 0
[0m[PHY]   txdataF_BF[1] 0x7cc54c040040 for RU 0
[0m[PHY]   txdataF_BF[2] 0x7cc54c007040 for RU 0
[0m[PHY]   txdataF_BF[3] 0x7cc53cf7f040 for RU 0
[0m[PHY]   rxdataF[0] 0x7cc53cf0e040 for RU 0
[0m[PHY]   rxdataF[1] 0x7cc53ce9d040 for RU 0
[0m[PHY]   rxdataF[2] 0x7cc53ce2c040 for RU 0
[0m[PHY]   rxdataF[3] 0x7cc53cdbb040 for RU 0
[0m[PHY]   [INIT] nr_phy_init_RU() ru->num_gNB:1 
[0m[PHY]   Setting RF config for N_RB 106, NB_RX 4, NB_TX 4
[0m[PHY]   tune_offset 0 Hz, sample_rate 61440000 Hz
[0m[PHY]   Channel 0: setting tx_gain offset 0, tx_freq 3619200000 Hz
[0m[PHY]   Channel 1: setting tx_gain offset 0, tx_freq 3619200000 Hz
[0m[PHY]   Channel 2: setting tx_gain offset 0, tx_freq 3619200000 Hz
[0m[PHY]   Channel 3: setting tx_gain offset 0, tx_freq 3619200000 Hz
[0m[PHY]   Channel 0: setting rx_gain offset 114, rx_freq 3619200000 Hz
[0m[PHY]   Channel 1: setting rx_gain offset 114, rx_freq 3619200000 Hz
[0m[PHY]   Channel 2: setting rx_gain offset 114, rx_freq 3619200000 Hz
[0m[PHY]   Channel 3: setting rx_gain offset 114, rx_freq 3619200000 Hz
[0m[93m[HW]   The RFSIMULATOR environment variable is deprecated and support will be removed in the future. Instead, add parameter --rfsimulator.serveraddr server to set the server address. Note: the default is "server"; for the gNB/eNB, you don't have to set any configuration.
[0m[HW]   Remove RFSIMULATOR environment variable to get rid of this message and the sleep.
[0m[HW]   Running as server waiting opposite rfsimulators to connect
[0m[HW]   [RAU] has loaded RFSIMULATOR device.
[0m[PHY]   RU 0 Setting N_TA_offset to 800 samples (factor 2.000000, UL Freq 3600120, N_RB 106, mu 1)
[0m[PHY]   Signaling main thread that RU 0 is ready, sl_ahead 5
[0m[PHY]   RUs configured
[0m[PHY]   init_eNB_afterRU() RC.nb_nr_inst:1
[0m[PHY]   RC.nb_nr_CC[inst:0]:0x7cc5507c5010
[0m[PHY]   [gNB 0] phy_init_nr_gNB() About to wait for gNB to be configured
[0m[PHY]   Initialise nr transport
[0m[PHY]   Mapping RX ports from 1 RUs to gNB 0
[0m[PHY]   gNB->num_RU:1
[0m[PHY]   Attaching RU 0 antenna 0 to gNB antenna 0
[0m[PHY]   Attaching RU 0 antenna 1 to gNB antenna 1
[0m[PHY]   Attaching RU 0 antenna 2 to gNB antenna 2
[0m[PHY]   Attaching RU 0 antenna 3 to gNB antenna 3
[0mNRRRC 0: Southbound Transport local_mac
START MAIN THREADS
RC.nb_nr_L1_inst:1
Initializing gNB threads single_thread_flag:1 wait_for_sync:0
wait_gNBs()
Waiting for gNB L1 instances to all get configured ... sleeping 50ms (nb_nr_sL1_inst 1)
gNB L1 are configured
About to Init RU threads RC.nb_RU:1
Initializing RU threads
configuring RU from file
Set RU mask to 1
Creating RC.ru[0]:0x5b0f9988c510
Setting function for RU 0 to gNodeB_3GPP
[RU 0] Setting nr_flag 0, nr_band 78, nr_scs_for_raster 1
[RU 0] Setting half-slot parallelization to 1
configuring ru_id 0 (start_rf 0x5b0f9338eef0)
wait RUs
shlib_path librfsimulator.so
[LOADER] library librfsimulator.so successfully loaded
Initializing random number generator, seed 4821583062874487654
setup_RU_buffers: frame_parms = 0x7cc5510af010
waiting for sync (ru_thread,-1/0x5b0f93f430ac,0x5b0f947d48c0,0x5b0f947d4880)
RC.ru_mask:00
ALL RUs READY!
RC.nb_RU:1
ALL RUs ready - init gNBs
Not NFAPI mode - call init_eNB_afterRU()
shlib_path libdfts.so
[LOADER] library libdfts.so successfully loaded
shlib_path libldpc.so
[LOADER] library libldpc.so successfully loaded
ALL RUs ready - ALL gNBs ready
Sending sync to all threads
Entering ITTI signals handler
TYPE <CTRL-C> TO TERMINATE
got sync (ru_thread)
waiting for sync (L1_stats_thread,0/0x5b0f93f430ac,0x5b0f947d48c0,0x5b0f947d4880)
got sync (L1_stats_thread)
[PHY]   RU 0 rf device ready
[0m[PHY]   RU 0 RF started opp_enabled 0
[0m[HW]   No connected device, generating void samples...
[0m[32m[PHY]   Command line parameters for the UE: -C 3619200000 -r 106 --numerology 1 --ssb 516
[0m[HW]   A client connects, sending the current time
[0m[93m[HW]   Not supported to send Tx out of order 18892800, 18892799
[0m
===== UE stdout (tail -n 100) =====
[0m[NR_MAC]   NR band 78, duplex mode TDD, duplex spacing = 0 KHz
[0m[NR_MAC]   NR band duplex spacing is 0 KHz (nr_bandtable[40].band = 78)
[0m[NR_MAC]   NR band 78, duplex mode TDD, duplex spacing = 0 KHz
[0m[NR_MAC]   NR band duplex spacing is 0 KHz (nr_bandtable[40].band = 78)
[0m[NR_MAC]   NR band 78, duplex mode TDD, duplex spacing = 0 KHz
[0m[NR_MAC]   NR band duplex spacing is 0 KHz (nr_bandtable[40].band = 78)
[0m[NR_MAC]   NR band 78, duplex mode TDD, duplex spacing = 0 KHz
[0m[NR_MAC]   NR band duplex spacing is 0 KHz (nr_bandtable[40].band = 78)
[0m[NR_MAC]   NR band 78, duplex mode TDD, duplex spacing = 0 KHz
[0m[NR_MAC]   NR band duplex spacing is 0 KHz (nr_bandtable[40].band = 78)
[0m[NR_MAC]   NR band 78, duplex mode TDD, duplex spacing = 0 KHz
[0m[NR_MAC]   NR band duplex spacing is 0 KHz (nr_bandtable[40].band = 78)
[0m[NR_MAC]   NR band 78, duplex mode TDD, duplex spacing = 0 KHz
[0m[NR_PHY]   ============================================
[0m[NR_PHY]   Harq round stats for Downlink: 8/0/0
[0m[NR_PHY]   ============================================
[0m[NR_MAC]   NR band duplex spacing is 0 KHz (nr_bandtable[40].band = 78)
[0m[NR_MAC]   NR band 78, duplex mode TDD, duplex spacing = 0 KHz
[0m[NR_MAC]   NR band duplex spacing is 0 KHz (nr_bandtable[40].band = 78)
[0m[NR_MAC]   NR band 78, duplex mode TDD, duplex spacing = 0 KHz
[0m[NR_MAC]   NR band duplex spacing is 0 KHz (nr_bandtable[40].band = 78)
[0m[NR_MAC]   NR band 78, duplex mode TDD, duplex spacing = 0 KHz
[0m[NR_MAC]   NR band duplex spacing is 0 KHz (nr_bandtable[40].band = 78)
[0m[NR_MAC]   NR band 78, duplex mode TDD, duplex spacing = 0 KHz
[0m[NR_MAC]   NR band duplex spacing is 0 KHz (nr_bandtable[40].band = 78)
[0m[NR_MAC]   NR band 78, duplex mode TDD, duplex spacing = 0 KHz
[0m[NR_MAC]   NR band duplex spacing is 0 KHz (nr_bandtable[40].band = 78)
[0m[NR_MAC]   NR band 78, duplex mode TDD, duplex spacing = 0 KHz
[0m[NR_PHY]   ============================================
[0m[NR_PHY]   Harq round stats for Downlink: 9/0/0
[0m[NR_PHY]   ============================================
[0m[NR_MAC]   NR band duplex spacing is 0 KHz (nr_bandtable[40].band = 78)
[0m[NR_MAC]   NR band 78, duplex mode TDD, duplex spacing = 0 KHz
[0m[NR_MAC]   NR band duplex spacing is 0 KHz (nr_bandtable[40].band = 78)
[0m[NR_MAC]   NR band 78, duplex mode TDD, duplex spacing = 0 KHz
[0m[NR_MAC]   NR band duplex spacing is 0 KHz (nr_bandtable[40].band = 78)
[0m[NR_MAC]   NR band 78, duplex mode TDD, duplex spacing = 0 KHz
[0m[NR_MAC]   NR band duplex spacing is 0 KHz (nr_bandtable[40].band = 78)
[0m[NR_MAC]   NR band 78, duplex mode TDD, duplex spacing = 0 KHz
[0m[NR_MAC]   NR band duplex spacing is 0 KHz (nr_bandtable[40].band = 78)
[0m[NR_MAC]   NR band 78, duplex mode TDD, duplex spacing = 0 KHz
[0m[NR_MAC]   NR band duplex spacing is 0 KHz (nr_bandtable[40].band = 78)
[0m[NR_MAC]   NR band 78, duplex mode TDD, duplex spacing = 0 KHz
[0m[NR_PHY]   ============================================
[0m[NR_PHY]   Harq round stats for Downlink: 9/0/0
[0m[NR_PHY]   ============================================
[0m[NR_MAC]   NR band duplex spacing is 0 KHz (nr_bandtable[40].band = 78)
[0m[NR_MAC]   NR band 78, duplex mode TDD, duplex spacing = 0 KHz
[0m[NR_MAC]   NR band duplex spacing is 0 KHz (nr_bandtable[40].band = 78)
[0m[NR_MAC]   NR band 78, duplex mode TDD, duplex spacing = 0 KHz
[0m[NR_MAC]   NR band duplex spacing is 0 KHz (nr_bandtable[40].band = 78)
[0m[NR_MAC]   NR band 78, duplex mode TDD, duplex spacing = 0 KHz
[0m[NR_MAC]   NR band duplex spacing is 0 KHz (nr_bandtable[40].band = 78)
[0m[NR_MAC]   NR band 78, duplex mode TDD, duplex spacing = 0 KHz
[0m[NR_MAC]   NR band duplex spacing is 0 KHz (nr_bandtable[40].band = 78)
[0m[NR_MAC]   NR band 78, duplex mode TDD, duplex spacing = 0 KHz
[0m[NR_MAC]   NR band duplex spacing is 0 KHz (nr_bandtable[40].band = 78)
[0m[NR_MAC]   NR band 78, duplex mode TDD, duplex spacing = 0 KHz
[0m[NR_MAC]   NR band duplex spacing is 0 KHz (nr_bandtable[40].band = 78)
[0m[NR_MAC]   NR band 78, duplex mode TDD, duplex spacing = 0 KHz
[0m[NR_PHY]   ============================================
[0m[NR_PHY]   Harq round stats for Downlink: 10/0/0
[0m[NR_PHY]   ============================================
[0m[NR_MAC]   NR band duplex spacing is 0 KHz (nr_bandtable[40].band = 78)
[0m[NR_MAC]   NR band 78, duplex mode TDD, duplex spacing = 0 KHz
[0m[NR_MAC]   NR band duplex spacing is 0 KHz (nr_bandtable[40].band = 78)
[0m[NR_MAC]   NR band 78, duplex mode TDD, duplex spacing = 0 KHz
[0m[NR_MAC]   NR band duplex spacing is 0 KHz (nr_bandtable[40].band = 78)
[0m[NR_MAC]   NR band 78, duplex mode TDD, duplex spacing = 0 KHz
[0m[NR_MAC]   NR band duplex spacing is 0 KHz (nr_bandtable[40].band = 78)
[0m[NR_MAC]   NR band 78, duplex mode TDD, duplex spacing = 0 KHz
[0m[NR_MAC]   NR band duplex spacing is 0 KHz (nr_bandtable[40].band = 78)
[0m[NR_MAC]   NR band 78, duplex mode TDD, duplex spacing = 0 KHz
[0m[NR_MAC]   NR band duplex spacing is 0 KHz (nr_bandtable[40].band = 78)
[0m[NR_MAC]   NR band 78, duplex mode TDD, duplex spacing = 0 KHz
[0m[NR_PHY]   ============================================
[0m[NR_PHY]   Harq round stats for Downlink: 11/0/0
[0m[NR_PHY]   ============================================
[0m[NR_MAC]   NR band duplex spacing is 0 KHz (nr_bandtable[40].band = 78)
[0m[NR_MAC]   NR band 78, duplex mode TDD, duplex spacing = 0 KHz
[0m[NR_MAC]   NR band duplex spacing is 0 KHz (nr_bandtable[40].band = 78)
[0m[NR_MAC]   NR band 78, duplex mode TDD, duplex spacing = 0 KHz
[0m[NR_MAC]   NR band duplex spacing is 0 KHz (nr_bandtable[40].band = 78)
[0m[NR_MAC]   NR band 78, duplex mode TDD, duplex spacing = 0 KHz
[0m[NR_MAC]   NR band duplex spacing is 0 KHz (nr_bandtable[40].band = 78)
[0m[NR_MAC]   NR band 78, duplex mode TDD, duplex spacing = 0 KHz
[0m[NR_MAC]   NR band duplex spacing is 0 KHz (nr_bandtable[40].band = 78)
[0m[NR_MAC]   NR band 78, duplex mode TDD, duplex spacing = 0 KHz
[0m[NR_MAC]   NR band duplex spacing is 0 KHz (nr_bandtable[40].band = 78)
[0m[NR_MAC]   NR band 78, duplex mode TDD, duplex spacing = 0 KHz
[0m[NR_MAC]   NR band duplex spacing is 0 KHz (nr_bandtable[40].band = 78)
[0m[NR_MAC]   NR band 78, duplex mode TDD, duplex spacing = 0 KHz
[0m[NR_PHY]   ============================================
[0m[NR_PHY]   Harq round stats for Downlink: 11/0/0
[0m[NR_PHY]   ============================================
[0m[NR_MAC]   NR band duplex spacing is 0 KHz (nr_bandtable[40].band = 78)
[0m[NR_MAC]   NR band 78, duplex mode TDD, duplex spacing = 0 KHz
[0m[NR_MAC]   NR band duplex spacing is 0 KHz (nr_bandtable[40].band = 78)
[0m[NR_MAC]   NR band 78, duplex mode TDD, duplex spacing = 0 KHz
[0m
