Blacklisted PRBs 0/106
-6.-6.-6.-1.-1.-6.-6.-6.-6.-6.-6.-6.-3.-3.-1.-3.-6.-6.-6.-6.-6.-6.-3.-3.-1.
-3.-6.-6.-6.-6.-3.-6.-6.-3.-3.-3.-6.-6.-6.-6.-3.-3.-3. 1. 1.-1.-3.-6.-6.-6.
 1. 4. 5.-6.16.12. 7. 6. 2.-1.-1.-1.-3.-3.-1.-3.-6.-6.-6.-3. 0. 0.-1.-3.-6.
-6.-3.-3.-1.-1.-1.-1.-3.-3.-6.-6.-6.-6.-6.-3.-1.-3.-3.-6.-6.-6.-6.-6.-3.-3.
-3.-6.-6.-6.-6.-6.
max_IO = 22 (54), min_I0 = 0 (0), avg_I0 = 6 dB(6.6.6.6.)
PRACH I0 = 0.0 dB
DLSCH RNTI ab46: current_Qm 2, current_RI 1, total_bytes TX 1133
ULSCH RNTI ab46, 968: ulsch_power[0] 51,0 ulsch_noise_power[0] 0.0, sync_pos -2
                  ulsch_power[1] 51.0, ulsch_noise_power[1] 0.0
                  ulsch_power[2] 51.0, ulsch_noise_power[2] 0.0
                  ulsch_power[3] 51.0, ulsch_noise_power[3] 0.0
                 round_trials 82(0.0e+00):0(0.0e+00):0(0.0e+00):0, DTX 0, current_Qm 0, current_RI 0, total_bytes RX/SCHED 0/0

 0, current_RI 0, total_bytes RX/SCHED 0/0
ULSCH RNTI ab46, 185: ulsch_power[0] 51,0 ulsch_noise_power[0] 0.0, sync_pos -1
                  ulsch_power[1] 51.0, ulsch_noise_power[1] 0.0
                  ulsch_power[2] 51.0, ulsch_noise_power[2] 0.0
                  ulsch_power[3] 51.0, ulsch_noise_power[3] 0.0
                 round_trials 1(0.0e+00):0(0.0e+00):0(0.0e+00):0, DTX 0, current_Qm 0, current_RI 0, total_bytes RX/SCHED 0/0

