===== CU stdout (tail -n 100) =====
[ENB_APP]   nfapi (0) running mode: MONOLITHIC
[0m[GNB_APP]   Getting GNBSParams
[0m[OPT]   OPT disabled
[0m[HW]   Version: Branch: HEAD Abrev. Hash: 7026763286 Date: Tue Jul 2 12:38:22 2024 +0000
[0m[PHY]   create_gNB_tasks() Task ready initialize structures
[0m[NR_PHY]   RC.gNB = 0x569388926a20
[0m[PHY]   No prs_config configuration found..!!
[0m[PHY]   create_gNB_tasks() RC.nb_nr_L1_inst:0
[0m[GNB_APP]   Allocating gNB_RRC_INST for 1 instances
[0m[GNB_APP]   F1AP: gNB_CU_id[0] 3584
[0m[GNB_APP]   F1AP: gNB_CU_name[0] gNB-Eurecom-CU
[0m[GNB_APP]   SDAP layer is disabled
[0m[GNB_APP]   Data Radio Bearer count 1
[0m[NR_RRC]   do_SIB23_NR, size 9 
 [0m[PDCP]   pdcp init,usegtp 
[0m[GNB_APP]   default drx 0
[0m[GNB_APP]   [gNB 0] gNB_app_register for instance 0
[0m[UTIL]   threadCreate() for TASK_SCTP: creating thread with affinity ffffffff, priority 50
[0m[ITTI]   Created Posix thread TASK_SCTP
[0m[X2AP]   X2AP is disabled.
[0m[UTIL]   threadCreate() for TASK_NGAP: creating thread with affinity ffffffff, priority 50
[0m[ITTI]   Created Posix thread TASK_NGAP
[0m[UTIL]   threadCreate() for TASK_GNB_APP: creating thread with affinity ffffffff, priority 50
[0m[ITTI]   Created Posix thread TASK_GNB_APP
[0m[UTIL]   threadCreate() for TASK_RRC_GNB: creating thread with affinity ffffffff, priority 50
[0m[NGAP]   Registered new gNB[0] and macro gNB id 3584
[0m[NGAP]   [gNB 0] check the amf registration state
[0m[ITTI]   Created Posix thread TASK_RRC_GNB
[0m[GTPU]   Configuring GTPu
[0m[GTPU]   SA mode 
[0m[GTPU]   Configuring GTPu address : 192.168.8.43, port : 2152
[0m[GTPU]   Initializing UDP for local address 192.168.8.43 with port 2152
[0m[93m[GTPU]   bind: Cannot assign requested address
[0m[UTIL]   threadCreate() for TASK_CU_F1: creating thread with affinity ffffffff, priority 50
[0m[NR_RRC]   Entering main loop of NR_RRC message task
[0m[1;31m[GTPU]   failed to bind socket: 192.168.8.43 2152 
[0m[1;31m[GTPU]   can't create GTP-U instance
[0m[GTPU]   Created gtpu instance id: -1
[0m[1;31m[E1AP]   Failed to create CUUP N3 UDP listener[0m[UTIL]   threadCreate() for TASK_GTPV1_U: creating thread with affinity ffffffff, priority 50
[0m[NR_RRC]   Accepting new CU-UP ID 3584 name gNB-Eurecom-CU (assoc_id -1)
[0m[93m[SCTP]   sctp_bindx() SCTP_BINDX_ADD_ADDR failed: errno 99 Cannot assign requested address
[0m[1;31m[SCTP]   could not open socket, no SCTP connection established
[0m[F1AP]   Starting F1AP at CU
[0m[ITTI]   Created Posix thread TASK_CU_F1
[0m[F1AP]   F1AP_CU_SCTP_REQ(create socket) for 127.0.0.5 len 10
[0m[GTPU]   Initializing UDP for local address 127.0.0.5 with port 2152
[0m[GTPU]   Created gtpu instance id: 97
[0m[ITTI]   Created Posix thread TASK_GTPV1_U
[0m[NR_RRC]   Received F1 Setup Request from gNB_DU 3584 (gNB-Eurecom-DU) on assoc_id 1190
[0m[RRC]   Accepting DU 3584 (gNB-Eurecom-DU), sending F1 Setup Response
[0m[RRC]   DU uses RRC version 17.3.0
[0m
===== DU stdout (tail -n 100) =====
[0m[34m[PHY]   slot 18 symbol 9 RB 65 aarx 3 n0_subband_power 0
[0m[34m[PHY]   slot 18 symbol 9 RB 66 aarx 0 n0_subband_power 0
[0m[34m[PHY]   slot 18 symbol 9 RB 66 aarx 1 n0_subband_power 0
[0m[34m[PHY]   slot 18 symbol 9 RB 66 aarx 2 n0_subband_power 0
[0m[34m[PHY]   slot 18 symbol 9 RB 66 aarx 3 n0_subband_power 0
[0m[34m[PHY]   slot 18 symbol 9 RB 67 aarx 0 n0_subband_power 0
[0m[34m[PHY]   slot 18 symbol 9 RB 67 aarx 1 n0_subband_power 0
[0m[34m[PHY]   slot 18 symbol 9 RB 67 aarx 2 n0_subband_power 0
[0m[34m[PHY]   slot 18 symbol 9 RB 67 aarx 3 n0_subband_power 0
[0m[34m[PHY]   slot 18 symbol 9 RB 68 aarx 0 n0_subband_power 0
[0m[34m[PHY]   slot 18 symbol 9 RB 68 aarx 1 n0_subband_power 0
[0m[34m[PHY]   slot 18 symbol 9 RB 68 aarx 2 n0_subband_power 0
[0m[34m[PHY]   slot 18 symbol 9 RB 68 aarx 3 n0_subband_power 0
[0m[34m[PHY]   slot 18 symbol 9 RB 69 aarx 0 n0_subband_power 0
[0m[34m[PHY]   slot 18 symbol 9 RB 69 aarx 1 n0_subband_power 0
[0m[34m[PHY]   slot 18 symbol 9 RB 69 aarx 2 n0_subband_power 0
[0m[34m[PHY]   slot 18 symbol 9 RB 69 aarx 3 n0_subband_power 0
[0m[34m[PHY]   slot 18 symbol 9 RB 70 aarx 0 n0_subband_power 0
[0m[34m[PHY]   slot 18 symbol 9 RB 70 aarx 1 n0_subband_power 0
[0m[34m[PHY]   slot 18 symbol 9 RB 70 aarx 2 n0_subband_power 0
[0m[34m[PHY]   slot 18 symbol 9 RB 70 aarx 3 n0_subband_power 0
[0m[34m[PHY]   slot 18 symbol 9 RB 71 aarx 0 n0_subband_power 0
[0m[34m[PHY]   slot 18 symbol 9 RB 71 aarx 1 n0_subband_power 0
[0m[34m[PHY]   slot 18 symbol 9 RB 71 aarx 2 n0_subband_power 0
[0m[34m[PHY]   slot 18 symbol 9 RB 71 aarx 3 n0_subband_power 0
[0m[34m[PHY]   slot 18 symbol 9 RB 72 aarx 0 n0_subband_power 0
[0m[34m[PHY]   slot 18 symbol 9 RB 72 aarx 1 n0_subband_power 0
[0m[34m[PHY]   slot 18 symbol 9 RB 72 aarx 2 n0_subband_power 0
[0m[34m[PHY]   slot 18 symbol 9 RB 72 aarx 3 n0_subband_power 0
[0m[34m[PHY]   slot 18 symbol 9 RB 73 aarx 0 n0_subband_power 0
[0m[34m[PHY]   slot 18 symbol 9 RB 73 aarx 1 n0_subband_power 0
[0m[34m[PHY]   slot 18 symbol 9 RB 73 aarx 2 n0_subband_power 0
[0m[34m[PHY]   slot 18 symbol 9 RB 73 aarx 3 n0_subband_power 0
[0m[34m[PHY]   slot 18 symbol 9 RB 74 aarx 0 n0_subband_power 0
[0m[34m[PHY]   slot 18 symbol 9 RB 74 aarx 1 n0_subband_power 0
[0m[34m[PHY]   slot 18 symbol 9 RB 74 aarx 2 n0_subband_power 0
[0m[34m[PHY]   slot 18 symbol 9 RB 74 aarx 3 n0_subband_power 0
[0m[34m[PHY]   slot 18 symbol 9 RB 75 aarx 0 n0_subband_power 0
[0m[34m[PHY]   slot 18 symbol 9 RB 75 aarx 1 n0_subband_power 0
[0m[34m[PHY]   slot 18 symbol 9 RB 75 aarx 2 n0_subband_power 0
[0m[34m[PHY]   slot 18 symbol 9 RB 75 aarx 3 n0_subband_power 0
[0m[34m[PHY]   slot 18 symbol 9 RB 76 aarx 0 n0_subband_power 0
[0m[34m[PHY]   slot 18 symbol 9 RB 76 aarx 1 n0_subband_power 0
[0m[34m[PHY]   slot 18 symbol 9 RB 76 aarx 2 n0_subband_power 0
[0m[34m[PHY]   slot 18 symbol 9 RB 76 aarx 3 n0_subband_power 0
[0m[34m[PHY]   slot 18 symbol 9 RB 77 aarx 0 n0_subband_power 0
[0m[34m[PHY]   slot 18 symbol 9 RB 77 aarx 1 n0_subband_power 0
[0m[34m[PHY]   slot 18 symbol 9 RB 77 aarx 2 n0_subband_power 0
[0m[34m[PHY]   slot 18 symbol 9 RB 77 aarx 3 n0_subband_power 0
[0m[34m[PHY]   slot 18 symbol 9 RB 78 aarx 0 n0_subband_power 0
[0m[34m[PHY]   slot 18 symbol 9 RB 78 aarx 1 n0_subband_power 0
[0m[34m[PHY]   slot 18 symbol 9 RB 78 aarx 2 n0_subband_power 0
[0m[34m[PHY]   slot 18 symbol 9 RB 78 aarx 3 n0_subband_power 0
[0m[34m[PHY]   slot 18 symbol 9 RB 79 aarx 0 n0_subband_power 0
[0m[34m[PHY]   slot 18 symbol 9 RB 79 aarx 1 n0_subband_power 0
[0m[34m[PHY]   slot 18 symbol 9 RB 79 aarx 2 n0_subband_power 0
[0m[34m[PHY]   slot 18 symbol 9 RB 79 aarx 3 n0_subband_power 0
[0m[34m[PHY]   slot 18 symbol 9 RB 80 aarx 0 n0_subband_power 0
[0m[34m[PHY]   slot 18 symbol 9 RB 80 aarx 1 n0_subband_power 0
[0m[34m[PHY]   slot 18 symbol 9 RB 80 aarx 2 n0_subband_power 0
[0m[34m[PHY]   slot 18 symbol 9 RB 80 aarx 3 n0_subband_power 0
[0m[34m[PHY]   slot 18 symbol 9 RB 81 aarx 0 n0_subband_power 0
[0m[34m[PHY]   slot 18 symbol 9 RB 81 aarx 1 n0_subband_power 0
[0m[34m[PHY]   slot 18 symbol 9 RB 81 aarx 2 n0_subband_power 0
[0m[34m[PHY]   slot 18 symbol 9 RB 81 aarx 3 n0_subband_power 0
[0m[34m[PHY]   slot 18 symbol 9 RB 82 aarx 0 n0_subband_power 0
[0m[34m[PHY]   slot 18 symbol 9 RB 82 aarx 1 n0_subband_power 0
[0m[34m[PHY]   slot 18 symbol 9 RB 82 aarx 2 n0_subband_power 0
[0m[34m[PHY]   slot 18 symbol 9 RB 82 aarx 3 n0_subband_power 0
[0m[34m[PHY]   slot 18 symbol 9 RB 83 aarx 0 n0_subband_power 0
[0m[34m[PHY]   slot 18 symbol 9 RB 83 aarx 1 n0_subband_power 0
[0m[34m[PHY]   slot 18 symbol 9 RB 83 aarx 2 n0_subband_power 0
[0m[34m[PHY]   slot 18 symbol 9 RB 83 aarx 3 n0_subband_power 0
[0m[34m[PHY]   slot 18 symbol 9 RB 84 aarx 0 n0_subband_power 0
[0m[34m[PHY]   slot 18 symbol 9 RB 84 aarx 1 n0_subband_power 0
[0m[34m[PHY]   slot 18 symbol 9 RB 84 aarx 2 n0_subband_power 0
[0m[34m[PHY]   slot 18 symbol 9 RB 84 aarx 3 n0_subband_power 0
[0m[34m[PHY]   slot 18 symbol 9 RB 85 aarx 0 n0_subband_power 0
[0m[34m[PHY]   slot 18 symbol 9 RB 85 aarx 1 n0_subband_power 0
[0m[34m[PHY]   slot 18 symbol 9 RB 85 aarx 2 n0_subband_power 0
[0m[34m[PHY]   slot 18 symbol 9 RB 85 aarx 3 n0_subband_power 0
[0m[34m[PHY]   slot 18 symbol 9 RB 86 aarx 0 n0_subband_power 0
[0m[34m[PHY]   slot 18 symbol 9 RB 86 aarx 1 n0_subband_power 0
[0m[34m[PHY]   slot 18 symbol 9 RB 86 aarx 2 n0_subband_power 0
[0m[34m[PHY]   slot 18 symbol 9 RB 86 aarx 3 n0_subband_power 0
[0m[34m[PHY]   slot 18 symbol 9 RB 87 aarx 0 n0_subband_power 0
[0m[34m[PHY]   slot 18 symbol 9 RB 87 aarx 1 n0_subband_power 0
[0m[34m[PHY]   slot 18 symbol 9 RB 87 aarx 2 n0_subband_power 0
[0m[34m[PHY]   slot 18 symbol 9 RB 87 aarx 3 n0_subband_power 0
[0m[34m[PHY]   slot 18 symbol 9 RB 88 aarx 0 n0_subband_power 0
[0m[34m[PHY]   slot 18 symbol 9 RB 88 aarx 1 n0_subband_power 0
[0m[34m[PHY]   slot 18 symbol 9 RB 88 aarx 2 n0_subband_power 0
[0m[34m[PHY]   slot 18 symbol 9 RB 88 aarx 3 n0_subband_power 0
[0m[34m[PHY]   slot 18 symbol 9 RB 89 aarx 0 n0_subband_power 0
[0m[34m[PHY]   slot 18 symbol 9 RB 89 aarx 1 n0_subband_power 0
[0m[34m[PHY]   slot 18 symbol 9 RB 89 aarx 2 n0_subband_power 0
[0m[34m[PHY]   slot 18 symbol 9 RB 89 aarx 3 n0_subband_power 0
[0m[34m[PHY]   slot 18 symbol 9 RB 90 aarx 0 n0_subband_power 0
[0m[34m[PHY]   slot 18 symbol 9 RB 90 aarx 1 n0_subband_power 0
[0m
===== UE stdout (tail -n 100) =====
[0m[93m[MAC]   [UE 0][386:9] RAR reception failed 
[0m[NR_MAC]   PRACH scheduler: Selected RO Frame 387, Slot 19, Symbol 0, Fdm 0
[0m[PHY]   PRACH [UE 0] in frame.slot 387.19, placing PRACH in position 2828, msg1 frequency start 0 (k1 0), preamble_offset 10, first_nonzero_root_idx 0
[0m[93m[MAC]   [UE 0][396:9] RAR reception failed 
[0m[NR_MAC]   PRACH scheduler: Selected RO Frame 397, Slot 19, Symbol 0, Fdm 0
[0m[PHY]   PRACH [UE 0] in frame.slot 397.19, placing PRACH in position 2828, msg1 frequency start 0 (k1 0), preamble_offset 4, first_nonzero_root_idx 0
[0m[93m[MAC]   [UE 0][406:9] RAR reception failed 
[0m[NR_MAC]   PRACH scheduler: Selected RO Frame 407, Slot 19, Symbol 0, Fdm 0
[0m[PHY]   PRACH [UE 0] in frame.slot 407.19, placing PRACH in position 2828, msg1 frequency start 0 (k1 0), preamble_offset 10, first_nonzero_root_idx 0
[0m[93m[MAC]   [UE 0][416:9] RAR reception failed 
[0m[NR_MAC]   PRACH scheduler: Selected RO Frame 417, Slot 19, Symbol 0, Fdm 0
[0m[PHY]   PRACH [UE 0] in frame.slot 417.19, placing PRACH in position 2828, msg1 frequency start 0 (k1 0), preamble_offset 8, first_nonzero_root_idx 0
[0m[93m[MAC]   [UE 0][426:9] RAR reception failed 
[0m[NR_MAC]   PRACH scheduler: Selected RO Frame 427, Slot 19, Symbol 0, Fdm 0
[0m[PHY]   PRACH [UE 0] in frame.slot 427.19, placing PRACH in position 2828, msg1 frequency start 0 (k1 0), preamble_offset 0, first_nonzero_root_idx 0
[0m[93m[MAC]   [UE 0][436:9] RAR reception failed 
[0m[NR_MAC]   PRACH scheduler: Selected RO Frame 437, Slot 19, Symbol 0, Fdm 0
[0m[PHY]   PRACH [UE 0] in frame.slot 437.19, placing PRACH in position 2828, msg1 frequency start 0 (k1 0), preamble_offset 5, first_nonzero_root_idx 0
[0m[93m[MAC]   [UE 0][446:9] RAR reception failed 
[0m[93m[MAC]   [UE 0][446:17] RAR reception failed 
[0m[NR_MAC]   PRACH scheduler: Selected RO Frame 447, Slot 19, Symbol 0, Fdm 0
[0m[PHY]   PRACH [UE 0] in frame.slot 447.19, placing PRACH in position 2828, msg1 frequency start 0 (k1 0), preamble_offset 8, first_nonzero_root_idx 0
[0m[NR_PHY]   ============================================
[0m[NR_PHY]   Harq round stats for Downlink: 1/0/0
[0m[NR_PHY]   ============================================
[0m[93m[MAC]   [UE 0][456:9] RAR reception failed 
[0m[NR_MAC]   PRACH scheduler: Selected RO Frame 457, Slot 19, Symbol 0, Fdm 0
[0m[PHY]   PRACH [UE 0] in frame.slot 457.19, placing PRACH in position 2828, msg1 frequency start 0 (k1 0), preamble_offset 1, first_nonzero_root_idx 0
[0m[93m[MAC]   [UE 0][466:9] RAR reception failed 
[0m[NR_MAC]   PRACH scheduler: Selected RO Frame 467, Slot 19, Symbol 0, Fdm 0
[0m[PHY]   PRACH [UE 0] in frame.slot 467.19, placing PRACH in position 2828, msg1 frequency start 0 (k1 0), preamble_offset 11, first_nonzero_root_idx 0
[0m[93m[MAC]   [UE 0][476:9] RAR reception failed 
[0m[NR_MAC]   PRACH scheduler: Selected RO Frame 477, Slot 19, Symbol 0, Fdm 0
[0m[PHY]   PRACH [UE 0] in frame.slot 477.19, placing PRACH in position 2828, msg1 frequency start 0 (k1 0), preamble_offset 7, first_nonzero_root_idx 0
[0m[93m[MAC]   [UE 0][486:9] RAR reception failed 
[0m[NR_MAC]   PRACH scheduler: Selected RO Frame 487, Slot 19, Symbol 0, Fdm 0
[0m[PHY]   PRACH [UE 0] in frame.slot 487.19, placing PRACH in position 2828, msg1 frequency start 0 (k1 0), preamble_offset 2, first_nonzero_root_idx 0
[0m[93m[MAC]   [UE 0][496:9] RAR reception failed 
[0m[NR_MAC]   PRACH scheduler: Selected RO Frame 497, Slot 19, Symbol 0, Fdm 0
[0m[PHY]   PRACH [UE 0] in frame.slot 497.19, placing PRACH in position 2828, msg1 frequency start 0 (k1 0), preamble_offset 8, first_nonzero_root_idx 0
[0m[93m[MAC]   [UE 0][506:9] RAR reception failed 
[0m[NR_MAC]   PRACH scheduler: Selected RO Frame 507, Slot 19, Symbol 0, Fdm 0
[0m[PHY]   PRACH [UE 0] in frame.slot 507.19, placing PRACH in position 2828, msg1 frequency start 0 (k1 0), preamble_offset 11, first_nonzero_root_idx 0
[0m[NR_PHY]   ============================================
[0m[NR_PHY]   Harq round stats for Downlink: 1/0/0
[0m[NR_PHY]   ============================================
[0m[93m[MAC]   [UE 0][516:9] RAR reception failed 
[0m[NR_MAC]   PRACH scheduler: Selected RO Frame 517, Slot 19, Symbol 0, Fdm 0
[0m[PHY]   PRACH [UE 0] in frame.slot 517.19, placing PRACH in position 2828, msg1 frequency start 0 (k1 0), preamble_offset 13, first_nonzero_root_idx 0
[0m[93m[MAC]   [UE 0][526:9] RAR reception failed 
[0m[NR_MAC]   PRACH scheduler: Selected RO Frame 527, Slot 19, Symbol 0, Fdm 0
[0m[PHY]   PRACH [UE 0] in frame.slot 527.19, placing PRACH in position 2828, msg1 frequency start 0 (k1 0), preamble_offset 14, first_nonzero_root_idx 0
[0m[93m[MAC]   [UE 0][536:9] RAR reception failed 
[0m[93m[MAC]   [UE 0][536:17] RAR reception failed 
[0m[NR_MAC]   PRACH scheduler: Selected RO Frame 537, Slot 19, Symbol 0, Fdm 0
[0m[PHY]   PRACH [UE 0] in frame.slot 537.19, placing PRACH in position 2828, msg1 frequency start 0 (k1 0), preamble_offset 11, first_nonzero_root_idx 0
[0m[93m[MAC]   [UE 0][546:9] RAR reception failed 
[0m[NR_MAC]   PRACH scheduler: Selected RO Frame 547, Slot 19, Symbol 0, Fdm 0
[0m[PHY]   PRACH [UE 0] in frame.slot 547.19, placing PRACH in position 2828, msg1 frequency start 0 (k1 0), preamble_offset 9, first_nonzero_root_idx 0
[0m[93m[MAC]   [UE 0][556:9] RAR reception failed 
[0m[NR_MAC]   PRACH scheduler: Selected RO Frame 557, Slot 19, Symbol 0, Fdm 0
[0m[PHY]   PRACH [UE 0] in frame.slot 557.19, placing PRACH in position 2828, msg1 frequency start 0 (k1 0), preamble_offset 3, first_nonzero_root_idx 0
[0m[93m[MAC]   [UE 0][566:9] RAR reception failed 
[0m[NR_MAC]   PRACH scheduler: Selected RO Frame 567, Slot 19, Symbol 0, Fdm 0
[0m[PHY]   PRACH [UE 0] in frame.slot 567.19, placing PRACH in position 2828, msg1 frequency start 0 (k1 0), preamble_offset 5, first_nonzero_root_idx 0
[0m[NR_PHY]   ============================================
[0m[NR_PHY]   Harq round stats for Downlink: 1/0/0
[0m[NR_PHY]   ============================================
[0m[93m[MAC]   [UE 0][576:9] RAR reception failed 
[0m[NR_MAC]   PRACH scheduler: Selected RO Frame 577, Slot 19, Symbol 0, Fdm 0
[0m[PHY]   PRACH [UE 0] in frame.slot 577.19, placing PRACH in position 2828, msg1 frequency start 0 (k1 0), preamble_offset 9, first_nonzero_root_idx 0
[0m[93m[MAC]   [UE 0][586:9] RAR reception failed 
[0m[NR_MAC]   PRACH scheduler: Selected RO Frame 587, Slot 19, Symbol 0, Fdm 0
[0m[PHY]   PRACH [UE 0] in frame.slot 587.19, placing PRACH in position 2828, msg1 frequency start 0 (k1 0), preamble_offset 13, first_nonzero_root_idx 0
[0m[93m[MAC]   [UE 0][596:9] RAR reception failed 
[0m[NR_MAC]   PRACH scheduler: Selected RO Frame 597, Slot 19, Symbol 0, Fdm 0
[0m[PHY]   PRACH [UE 0] in frame.slot 597.19, placing PRACH in position 2828, msg1 frequency start 0 (k1 0), preamble_offset 15, first_nonzero_root_idx 0
[0m[93m[MAC]   [UE 0][606:9] RAR reception failed 
[0m[NR_MAC]   PRACH scheduler: Selected RO Frame 607, Slot 19, Symbol 0, Fdm 0
[0m[PHY]   PRACH [UE 0] in frame.slot 607.19, placing PRACH in position 2828, msg1 frequency start 0 (k1 0), preamble_offset 4, first_nonzero_root_idx 0
[0m[93m[MAC]   [UE 0][616:9] RAR reception failed 
[0m[NR_MAC]   PRACH scheduler: Selected RO Frame 617, Slot 19, Symbol 0, Fdm 0
[0m[PHY]   PRACH [UE 0] in frame.slot 617.19, placing PRACH in position 2828, msg1 frequency start 0 (k1 0), preamble_offset 4, first_nonzero_root_idx 0
[0m[93m[MAC]   [UE 0][626:9] RAR reception failed 
[0m[93m[MAC]   [UE 0][626:17] RAR reception failed 
[0m[NR_MAC]   PRACH scheduler: Selected RO Frame 627, Slot 19, Symbol 0, Fdm 0
[0m[PHY]   PRACH [UE 0] in frame.slot 627.19, placing PRACH in position 2828, msg1 frequency start 0 (k1 0), preamble_offset 5, first_nonzero_root_idx 0
[0m[93m[MAC]   [UE 0][636:9] RAR reception failed 
[0m[NR_MAC]   PRACH scheduler: Selected RO Frame 637, Slot 19, Symbol 0, Fdm 0
[0m[PHY]   PRACH [UE 0] in frame.slot 637.19, placing PRACH in position 2828, msg1 frequency start 0 (k1 0), preamble_offset 6, first_nonzero_root_idx 0
[0m[NR_PHY]   ============================================
[0m[NR_PHY]   Harq round stats for Downlink: 1/0/0
[0m[NR_PHY]   ============================================
[0m[93m[MAC]   [UE 0][646:9] RAR reception failed 
[0m[NR_MAC]   PRACH scheduler: Selected RO Frame 647, Slot 19, Symbol 0, Fdm 0
[0m[PHY]   PRACH [UE 0] in frame.slot 647.19, placing PRACH in position 2828, msg1 frequency start 0 (k1 0), preamble_offset 10, first_nonzero_root_idx 0
[0m[93m[MAC]   [UE 0][656:9] RAR reception failed 
[0m[NR_MAC]   PRACH scheduler: Selected RO Frame 657, Slot 19, Symbol 0, Fdm 0
[0m[PHY]   PRACH [UE 0] in frame.slot 657.19, placing PRACH in position 2828, msg1 frequency start 0 (k1 0), preamble_offset 11, first_nonzero_root_idx 0
[0m
