===== CU stdout (tail -n 100) =====
[ENB_APP]   nfapi (0) running mode: MONOLITHIC
[0m[GNB_APP]   Getting GNBSParams
[0m[OPT]   OPT disabled
[0m[HW]   Version: Branch: HEAD Abrev. Hash: 7026763286 Date: Tue Jul 2 12:38:22 2024 +0000
[0m[PHY]   create_gNB_tasks() Task ready initialize structures
[0m[NR_PHY]   RC.gNB = 0x64aca2b96a20
[0m[PHY]   No prs_config configuration found..!!
[0m[PHY]   create_gNB_tasks() RC.nb_nr_L1_inst:0
[0m[GNB_APP]   Allocating gNB_RRC_INST for 1 instances
[0m[GNB_APP]   F1AP: gNB_CU_id[0] 3584
[0m[GNB_APP]   F1AP: gNB_CU_name[0] gNB-Eurecom-CU
[0m[GNB_APP]   SDAP layer is disabled
[0m[GNB_APP]   Data Radio Bearer count 1
[0m[NR_RRC]   do_SIB23_NR, size 9 
 [0m[PDCP]   pdcp init,usegtp 
[0m[GNB_APP]   default drx 0
[0m[GNB_APP]   [gNB 0] gNB_app_register for instance 0
[0m[UTIL]   threadCreate() for TASK_SCTP: creating thread with affinity ffffffff, priority 50
[0m[ITTI]   Created Posix thread TASK_SCTP
[0m[X2AP]   X2AP is disabled.
[0m[UTIL]   threadCreate() for TASK_NGAP: creating thread with affinity ffffffff, priority 50
[0m[ITTI]   Created Posix thread TASK_NGAP
[0m[UTIL]   threadCreate() for TASK_GNB_APP: creating thread with affinity ffffffff, priority 50
[0m[NGAP]   Registered new gNB[0] and macro gNB id 3584
[0m[ITTI]   Created Posix thread TASK_GNB_APP
[0m[NGAP]   [gNB 0] check the amf registration state
[0m[UTIL]   threadCreate() for TASK_RRC_GNB: creating thread with affinity ffffffff, priority 50
[0m[ITTI]   Created Posix thread TASK_RRC_GNB
[0m[93m[SCTP]   sctp_bindx() SCTP_BINDX_ADD_ADDR failed: errno 99 Cannot assign requested address
[0m[1;31m[SCTP]   could not open socket, no SCTP connection established
[0m[GTPU]   Configuring GTPu
[0m[GTPU]   SA mode 
[0m[GTPU]   Configuring GTPu address : 192.168.8.43, port : 2152
[0m[UTIL]   threadCreate() for TASK_CU_F1: creating thread with affinity ffffffff, priority 50
[0m[GTPU]   Initializing UDP for local address 192.168.8.43 with port 2152
[0m[93m[GTPU]   bind: Cannot assign requested address
[0m[1;31m[GTPU]   failed to bind socket: 192.168.8.43 2152 
[0m[1;31m[GTPU]   can't create GTP-U instance
[0m[GTPU]   Created gtpu instance id: -1
[0m[1;31m[E1AP]   Failed to create CUUP N3 UDP listener[0m[NR_RRC]   Entering main loop of NR_RRC message task
[0m[UTIL]   threadCreate() for TASK_GTPV1_U: creating thread with affinity ffffffff, priority 50
[0m[NR_RRC]   Accepting new CU-UP ID 3584 name gNB-Eurecom-CU (assoc_id -1)
[0m[ITTI]   Created Posix thread TASK_GTPV1_U
[0m[F1AP]   Starting F1AP at CU
[0m[ITTI]   Created Posix thread TASK_CU_F1
[0m[F1AP]   F1AP_CU_SCTP_REQ(create socket) for 127.0.0.5 len 10
[0m[GTPU]   Initializing UDP for local address 127.0.0.5 with port 2152
[0m[GTPU]   Created gtpu instance id: 97
[0m[NR_RRC]   Received F1 Setup Request from gNB_DU 3584 (gNB-Eurecom-DU) on assoc_id 1150
[0m[RRC]   Accepting DU 3584 (gNB-Eurecom-DU), sending F1 Setup Response
[0m[RRC]   DU uses RRC version 17.3.0
[0m[NR_RRC]   Decoding CCCH: RNTI b20f, payload_size 6
[0m[NR_RRC]   Created new UE context: CU UE ID 1 DU UE ID 45583 (rnti: b20f, random ue id 72f86c9fd7000000)
[0m[RRC]   activate SRB 1 of UE 1
[0m[NR_RRC]   rrc_gNB_generate_RRCSetup for RNTI b20f
[0m[32m[NR_RRC]   UE 1 Processing NR_RRCSetupComplete from UE
[0m[NR_RRC]   [FRAME 00000][gNB][MOD 00][RNTI 1] UE State = NR_RRC_CONNECTED 
[0m[93m[NGAP]   No AMF is associated to the gNB
[0m
===== DU stdout (tail -n 100) =====
[0m[NR_MAC]   Starting RA Contention Resolution timer with 64 ms + 2 * 7 K2 (142 slots) duration
[0m[NR_MAC]    94710: RA RNTI d501 CC_id 0 Scheduling retransmission of Msg3 in (947,17)
[0m[1;31m[NR_MAC]   UE d501 cannot find free CCE!
[0m[NR_MAC]    94711: RA RNTI d501 CC_id 0 Scheduling retransmission of Msg3 in (947,18)
[0m[NR_MAC]   Starting RA Contention Resolution timer with 64 ms + 2 * 7 K2 (142 slots) duration
[0m[93m[NR_MAC]   Random Access 0 failed at state WAIT_Msg3 (Reached msg3 max harq rounds)
[0m[1;31m[NR_MAC]   no RA proc for RNTI 0x5c26 in Msg3/PUSCH
[0m[NR_PHY]   [RAPROC] 947.19 Initiating RA procedure with preamble 0, energy 0.0 dB (I0 0, thres -1), delay 0 start symbol 0 freq index 0
[0m[NR_PHY]   [RAPROC] 947.19 Initiating RA procedure with preamble 0, energy 0.0 dB (I0 0, thres -1), delay 0 start symbol 4 freq index 0
[0m[NR_PHY]   [RAPROC] 947.19 Initiating RA procedure with preamble 0, energy 0.0 dB (I0 0, thres -1), delay 0 start symbol 8 freq index 0
[0m[NR_MAC]   947.19 UE RA-RNTI 010b TC-RNTI 1e9b: Activating RA process index 0
[0m[NR_MAC]   947.19 UE RA-RNTI 010f TC-RNTI 2509: Activating RA process index 2
[0m[NR_MAC]   947.19 UE RA-RNTI 0113 TC-RNTI 6e42: Activating RA process index 3
[0m[32m[NR_MAC]   UE 1e9b: 948.7 Generating RA-Msg2 DCI, RA RNTI 0x10b, state 1, CoreSetType 0, RAPID 0
[0m[NR_MAC]   UE 1e9b: Msg3 scheduled at 948.17 (948.7 k2 7 TDA 3)
[0m[NR_MAC]   Starting RA Contention Resolution timer with 64 ms + 2 * 7 K2 (142 slots) duration
[0m[93m[NR_MAC]   UE 2509: 948.7 cannot find free CCE for Msg2!
[0m[93m[NR_MAC]   UE 6e42: 948.7 cannot find free CCE for Msg2!
[0m[NR_MAC]    94810: RA RNTI d501 CC_id 0 Scheduling retransmission of Msg3 in (948,17)
[0m[NR_MAC]   Starting RA Contention Resolution timer with 64 ms + 2 * 7 K2 (142 slots) duration
[0m[93m[NR_MAC]   exceeded RA window: preamble at 947.19 now 948.10 (diff 11), ra_ResponseWindow 4/10 slots
[0m[1;31m[NR_MAC]   UE RA-RNTI 010f TC-RNTI 2509: exceeded RA window, cannot schedule Msg2
[0m[93m[NR_MAC]   exceeded RA window: preamble at 947.19 now 948.10 (diff 11), ra_ResponseWindow 4/10 slots
[0m[1;31m[NR_MAC]   UE RA-RNTI 0113 TC-RNTI 6e42: exceeded RA window, cannot schedule Msg2
[0m[NR_MAC]    94910: RA RNTI 1e9b CC_id 0 Scheduling retransmission of Msg3 in (949,17)
[0m[NR_MAC]   Starting RA Contention Resolution timer with 64 ms + 2 * 7 K2 (142 slots) duration
[0m[NR_MAC]    94910: RA RNTI d501 CC_id 0 Scheduling retransmission of Msg3 in (949,17)
[0m[1;31m[NR_MAC]   UE d501 cannot find free CCE!
[0m[NR_MAC]    94911: RA RNTI d501 CC_id 0 Scheduling retransmission of Msg3 in (949,18)
[0m[NR_MAC]   Starting RA Contention Resolution timer with 64 ms + 2 * 7 K2 (142 slots) duration
[0m[93m[NR_MAC]   Random Access 1 failed at state WAIT_Msg3 (Reached msg3 max harq rounds)
[0m[1;31m[NR_MAC]   no RA proc for RNTI 0xd501 in Msg3/PUSCH
[0m[NR_PHY]   [RAPROC] 949.19 Initiating RA procedure with preamble 0, energy 0.0 dB (I0 0, thres -1), delay 0 start symbol 0 freq index 0
[0m[NR_PHY]   [RAPROC] 949.19 Initiating RA procedure with preamble 0, energy 0.0 dB (I0 0, thres -1), delay 0 start symbol 4 freq index 0
[0m[NR_PHY]   [RAPROC] 949.19 Initiating RA procedure with preamble 0, energy 0.0 dB (I0 0, thres -1), delay 0 start symbol 8 freq index 0
[0m[NR_MAC]   949.19 UE RA-RNTI 010b TC-RNTI 7e39: Activating RA process index 1
[0m[NR_MAC]   949.19 UE RA-RNTI 010f TC-RNTI 4b44: Activating RA process index 2
[0m[NR_MAC]   949.19 UE RA-RNTI 0113 TC-RNTI 5303: Activating RA process index 3
[0m[32m[NR_MAC]   UE 7e39: 950.7 Generating RA-Msg2 DCI, RA RNTI 0x10b, state 1, CoreSetType 0, RAPID 0
[0m[NR_MAC]   UE 7e39: Msg3 scheduled at 950.17 (950.7 k2 7 TDA 3)
[0m[NR_MAC]   Starting RA Contention Resolution timer with 64 ms + 2 * 7 K2 (142 slots) duration
[0m[93m[NR_MAC]   UE 4b44: 950.7 cannot find free CCE for Msg2!
[0m[93m[NR_MAC]   UE 5303: 950.7 cannot find free CCE for Msg2!
[0m[NR_MAC]    95010: RA RNTI 1e9b CC_id 0 Scheduling retransmission of Msg3 in (950,17)
[0m[NR_MAC]   Starting RA Contention Resolution timer with 64 ms + 2 * 7 K2 (142 slots) duration
[0m[93m[NR_MAC]   exceeded RA window: preamble at 949.19 now 950.10 (diff 11), ra_ResponseWindow 4/10 slots
[0m[1;31m[NR_MAC]   UE RA-RNTI 010f TC-RNTI 4b44: exceeded RA window, cannot schedule Msg2
[0m[93m[NR_MAC]   exceeded RA window: preamble at 949.19 now 950.10 (diff 11), ra_ResponseWindow 4/10 slots
[0m[1;31m[NR_MAC]   UE RA-RNTI 0113 TC-RNTI 5303: exceeded RA window, cannot schedule Msg2
[0m[NR_MAC]    95110: RA RNTI 1e9b CC_id 0 Scheduling retransmission of Msg3 in (951,17)
[0m[NR_MAC]   Starting RA Contention Resolution timer with 64 ms + 2 * 7 K2 (142 slots) duration
[0m[NR_MAC]    95110: RA RNTI 7e39 CC_id 0 Scheduling retransmission of Msg3 in (951,17)
[0m[1;31m[NR_MAC]   UE 7e39 cannot find free CCE!
[0m[NR_MAC]    95111: RA RNTI 7e39 CC_id 0 Scheduling retransmission of Msg3 in (951,18)
[0m[NR_MAC]   Starting RA Contention Resolution timer with 64 ms + 2 * 7 K2 (142 slots) duration
[0m[93m[NR_MAC]   Random Access 0 failed at state WAIT_Msg3 (Reached msg3 max harq rounds)
[0m[1;31m[NR_MAC]   no RA proc for RNTI 0x1e9b in Msg3/PUSCH
[0m[NR_PHY]   [RAPROC] 951.19 Initiating RA procedure with preamble 0, energy 0.0 dB (I0 0, thres -1), delay 0 start symbol 0 freq index 0
[0m[NR_PHY]   [RAPROC] 951.19 Initiating RA procedure with preamble 0, energy 0.0 dB (I0 0, thres -1), delay 0 start symbol 4 freq index 0
[0m[NR_PHY]   [RAPROC] 951.19 Initiating RA procedure with preamble 0, energy 0.0 dB (I0 0, thres -1), delay 0 start symbol 8 freq index 0
[0m[NR_MAC]   951.19 UE RA-RNTI 010b TC-RNTI d5ab: Activating RA process index 0
[0m[NR_MAC]   951.19 UE RA-RNTI 010f TC-RNTI 8bcd: Activating RA process index 2
[0m[NR_MAC]   951.19 UE RA-RNTI 0113 TC-RNTI 67da: Activating RA process index 3
[0m[32m[NR_MAC]   UE d5ab: 952.7 Generating RA-Msg2 DCI, RA RNTI 0x10b, state 1, CoreSetType 0, RAPID 0
[0m[NR_MAC]   UE d5ab: Msg3 scheduled at 952.17 (952.7 k2 7 TDA 3)
[0m[NR_MAC]   Starting RA Contention Resolution timer with 64 ms + 2 * 7 K2 (142 slots) duration
[0m[93m[NR_MAC]   UE 8bcd: 952.7 cannot find free CCE for Msg2!
[0m[93m[NR_MAC]   UE 67da: 952.7 cannot find free CCE for Msg2!
[0m[NR_MAC]    95210: RA RNTI 7e39 CC_id 0 Scheduling retransmission of Msg3 in (952,17)
[0m[NR_MAC]   Starting RA Contention Resolution timer with 64 ms + 2 * 7 K2 (142 slots) duration
[0m[93m[NR_MAC]   exceeded RA window: preamble at 951.19 now 952.10 (diff 11), ra_ResponseWindow 4/10 slots
[0m[1;31m[NR_MAC]   UE RA-RNTI 010f TC-RNTI 8bcd: exceeded RA window, cannot schedule Msg2
[0m[93m[NR_MAC]   exceeded RA window: preamble at 951.19 now 952.10 (diff 11), ra_ResponseWindow 4/10 slots
[0m[1;31m[NR_MAC]   UE RA-RNTI 0113 TC-RNTI 67da: exceeded RA window, cannot schedule Msg2
[0m[NR_MAC]    95310: RA RNTI d5ab CC_id 0 Scheduling retransmission of Msg3 in (953,17)
[0m[NR_MAC]   Starting RA Contention Resolution timer with 64 ms + 2 * 7 K2 (142 slots) duration
[0m[NR_MAC]    95310: RA RNTI 7e39 CC_id 0 Scheduling retransmission of Msg3 in (953,17)
[0m[1;31m[NR_MAC]   UE 7e39 cannot find free CCE!
[0m[NR_MAC]    95311: RA RNTI 7e39 CC_id 0 Scheduling retransmission of Msg3 in (953,18)
[0m[NR_MAC]   Starting RA Contention Resolution timer with 64 ms + 2 * 7 K2 (142 slots) duration
[0m[93m[NR_MAC]   Random Access 1 failed at state WAIT_Msg3 (Reached msg3 max harq rounds)
[0m[1;31m[NR_MAC]   no RA proc for RNTI 0x7e39 in Msg3/PUSCH
[0m[NR_PHY]   [RAPROC] 953.19 Initiating RA procedure with preamble 0, energy 0.0 dB (I0 0, thres -1), delay 0 start symbol 0 freq index 0
[0m[NR_PHY]   [RAPROC] 953.19 Initiating RA procedure with preamble 0, energy 0.0 dB (I0 0, thres -1), delay 0 start symbol 4 freq index 0
[0m[NR_PHY]   [RAPROC] 953.19 Initiating RA procedure with preamble 0, energy 0.0 dB (I0 0, thres -1), delay 0 start symbol 8 freq index 0
[0m[NR_MAC]   953.19 UE RA-RNTI 010b TC-RNTI 9544: Activating RA process index 1
[0m[NR_MAC]   953.19 UE RA-RNTI 010f TC-RNTI e31d: Activating RA process index 2
[0m[NR_MAC]   953.19 UE RA-RNTI 0113 TC-RNTI 4de8: Activating RA process index 3
[0m[32m[NR_MAC]   UE 9544: 954.7 Generating RA-Msg2 DCI, RA RNTI 0x10b, state 1, CoreSetType 0, RAPID 0
[0m[NR_MAC]   UE 9544: Msg3 scheduled at 954.17 (954.7 k2 7 TDA 3)
[0m[NR_MAC]   Starting RA Contention Resolution timer with 64 ms + 2 * 7 K2 (142 slots) duration
[0m[93m[NR_MAC]   UE e31d: 954.7 cannot find free CCE for Msg2!
[0m[93m[NR_MAC]   UE 4de8: 954.7 cannot find free CCE for Msg2!
[0m[NR_MAC]    95410: RA RNTI d5ab CC_id 0 Scheduling retransmission of Msg3 in (954,17)
[0m[NR_MAC]   Starting RA Contention Resolution timer with 64 ms + 2 * 7 K2 (142 slots) duration
[0m[93m[NR_MAC]   exceeded RA window: preamble at 953.19 now 954.10 (diff 11), ra_ResponseWindow 4/10 slots
[0m[1;31m[NR_MAC]   UE RA-RNTI 010f TC-RNTI e31d: exceeded RA window, cannot schedule Msg2
[0m[93m[NR_MAC]   exceeded RA window: preamble at 953.19 now 954.10 (diff 11), ra_ResponseWindow 4/10 slots
[0m[1;31m[NR_MAC]   UE RA-RNTI 0113 TC-RNTI 4de8: exceeded RA window, cannot schedule Msg2
[0m
===== UE stdout (tail -n 100) =====
[0m[NR_MAC]   NR band 78, duplex mode TDD, duplex spacing = 0 KHz
[0m[NR_MAC]   NR band duplex spacing is 0 KHz (nr_bandtable[40].band = 78)
[0m[NR_MAC]   NR band 78, duplex mode TDD, duplex spacing = 0 KHz
[0m[NR_MAC]   NR band duplex spacing is 0 KHz (nr_bandtable[40].band = 78)
[0m[NR_MAC]   NR band 78, duplex mode TDD, duplex spacing = 0 KHz
[0m[NR_PHY]   ============================================
[0m[NR_PHY]   Harq round stats for Downlink: 7/0/0
[0m[NR_PHY]   ============================================
[0m[NR_MAC]   NR band duplex spacing is 0 KHz (nr_bandtable[40].band = 78)
[0m[NR_MAC]   NR band 78, duplex mode TDD, duplex spacing = 0 KHz
[0m[NR_MAC]   NR band duplex spacing is 0 KHz (nr_bandtable[40].band = 78)
[0m[NR_MAC]   NR band 78, duplex mode TDD, duplex spacing = 0 KHz
[0m[NR_MAC]   NR band duplex spacing is 0 KHz (nr_bandtable[40].band = 78)
[0m[NR_MAC]   NR band 78, duplex mode TDD, duplex spacing = 0 KHz
[0m[NR_MAC]   NR band duplex spacing is 0 KHz (nr_bandtable[40].band = 78)
[0m[NR_MAC]   NR band 78, duplex mode TDD, duplex spacing = 0 KHz
[0m[NR_MAC]   NR band duplex spacing is 0 KHz (nr_bandtable[40].band = 78)
[0m[NR_MAC]   NR band 78, duplex mode TDD, duplex spacing = 0 KHz
[0m[NR_MAC]   NR band duplex spacing is 0 KHz (nr_bandtable[40].band = 78)
[0m[NR_MAC]   NR band 78, duplex mode TDD, duplex spacing = 0 KHz
[0m[NR_MAC]   NR band duplex spacing is 0 KHz (nr_bandtable[40].band = 78)
[0m[NR_MAC]   NR band 78, duplex mode TDD, duplex spacing = 0 KHz
[0m[NR_PHY]   ============================================
[0m[NR_PHY]   Harq round stats for Downlink: 8/0/0
[0m[NR_PHY]   ============================================
[0m[NR_MAC]   NR band duplex spacing is 0 KHz (nr_bandtable[40].band = 78)
[0m[NR_MAC]   NR band 78, duplex mode TDD, duplex spacing = 0 KHz
[0m[NR_MAC]   NR band duplex spacing is 0 KHz (nr_bandtable[40].band = 78)
[0m[NR_MAC]   NR band 78, duplex mode TDD, duplex spacing = 0 KHz
[0m[NR_MAC]   NR band duplex spacing is 0 KHz (nr_bandtable[40].band = 78)
[0m[NR_MAC]   NR band 78, duplex mode TDD, duplex spacing = 0 KHz
[0m[NR_MAC]   NR band duplex spacing is 0 KHz (nr_bandtable[40].band = 78)
[0m[NR_MAC]   NR band 78, duplex mode TDD, duplex spacing = 0 KHz
[0m[NR_MAC]   NR band duplex spacing is 0 KHz (nr_bandtable[40].band = 78)
[0m[NR_MAC]   NR band 78, duplex mode TDD, duplex spacing = 0 KHz
[0m[NR_MAC]   NR band duplex spacing is 0 KHz (nr_bandtable[40].band = 78)
[0m[NR_MAC]   NR band 78, duplex mode TDD, duplex spacing = 0 KHz
[0m[NR_PHY]   ============================================
[0m[NR_PHY]   Harq round stats for Downlink: 9/0/0
[0m[NR_PHY]   ============================================
[0m[NR_MAC]   NR band duplex spacing is 0 KHz (nr_bandtable[40].band = 78)
[0m[NR_MAC]   NR band 78, duplex mode TDD, duplex spacing = 0 KHz
[0m[NR_MAC]   NR band duplex spacing is 0 KHz (nr_bandtable[40].band = 78)
[0m[NR_MAC]   NR band 78, duplex mode TDD, duplex spacing = 0 KHz
[0m[NR_MAC]   NR band duplex spacing is 0 KHz (nr_bandtable[40].band = 78)
[0m[NR_MAC]   NR band 78, duplex mode TDD, duplex spacing = 0 KHz
[0m[NR_MAC]   NR band duplex spacing is 0 KHz (nr_bandtable[40].band = 78)
[0m[NR_MAC]   NR band 78, duplex mode TDD, duplex spacing = 0 KHz
[0m[NR_MAC]   NR band duplex spacing is 0 KHz (nr_bandtable[40].band = 78)
[0m[NR_MAC]   NR band 78, duplex mode TDD, duplex spacing = 0 KHz
[0m[NR_MAC]   NR band duplex spacing is 0 KHz (nr_bandtable[40].band = 78)
[0m[NR_MAC]   NR band 78, duplex mode TDD, duplex spacing = 0 KHz
[0m[NR_PHY]   ============================================
[0m[NR_PHY]   Harq round stats for Downlink: 9/0/0
[0m[NR_PHY]   ============================================
[0m[NR_MAC]   NR band duplex spacing is 0 KHz (nr_bandtable[40].band = 78)
[0m[NR_MAC]   NR band 78, duplex mode TDD, duplex spacing = 0 KHz
[0m[NR_MAC]   NR band duplex spacing is 0 KHz (nr_bandtable[40].band = 78)
[0m[NR_MAC]   NR band 78, duplex mode TDD, duplex spacing = 0 KHz
[0m[NR_MAC]   NR band duplex spacing is 0 KHz (nr_bandtable[40].band = 78)
[0m[NR_MAC]   NR band 78, duplex mode TDD, duplex spacing = 0 KHz
[0m[NR_MAC]   NR band duplex spacing is 0 KHz (nr_bandtable[40].band = 78)
[0m[NR_MAC]   NR band 78, duplex mode TDD, duplex spacing = 0 KHz
[0m[NR_MAC]   NR band duplex spacing is 0 KHz (nr_bandtable[40].band = 78)
[0m[NR_MAC]   NR band 78, duplex mode TDD, duplex spacing = 0 KHz
[0m[NR_MAC]   NR band duplex spacing is 0 KHz (nr_bandtable[40].band = 78)
[0m[NR_MAC]   NR band 78, duplex mode TDD, duplex spacing = 0 KHz
[0m[NR_MAC]   NR band duplex spacing is 0 KHz (nr_bandtable[40].band = 78)
[0m[NR_MAC]   NR band 78, duplex mode TDD, duplex spacing = 0 KHz
[0m[NR_PHY]   ============================================
[0m[NR_PHY]   Harq round stats for Downlink: 10/0/0
[0m[NR_PHY]   ============================================
[0m[NR_MAC]   NR band duplex spacing is 0 KHz (nr_bandtable[40].band = 78)
[0m[NR_MAC]   NR band 78, duplex mode TDD, duplex spacing = 0 KHz
[0m[NR_MAC]   NR band duplex spacing is 0 KHz (nr_bandtable[40].band = 78)
[0m[NR_MAC]   NR band 78, duplex mode TDD, duplex spacing = 0 KHz
[0m[NR_MAC]   NR band duplex spacing is 0 KHz (nr_bandtable[40].band = 78)
[0m[NR_MAC]   NR band 78, duplex mode TDD, duplex spacing = 0 KHz
[0m[NR_MAC]   NR band duplex spacing is 0 KHz (nr_bandtable[40].band = 78)
[0m[NR_MAC]   NR band 78, duplex mode TDD, duplex spacing = 0 KHz
[0m[NR_MAC]   NR band duplex spacing is 0 KHz (nr_bandtable[40].band = 78)
[0m[NR_MAC]   NR band 78, duplex mode TDD, duplex spacing = 0 KHz
[0m[NR_MAC]   NR band duplex spacing is 0 KHz (nr_bandtable[40].band = 78)
[0m[NR_MAC]   NR band 78, duplex mode TDD, duplex spacing = 0 KHz
[0m[NR_PHY]   ============================================
[0m[NR_PHY]   Harq round stats for Downlink: 11/0/0
[0m[NR_PHY]   ============================================
[0m[NR_MAC]   NR band duplex spacing is 0 KHz (nr_bandtable[40].band = 78)
[0m[NR_MAC]   NR band 78, duplex mode TDD, duplex spacing = 0 KHz
[0m[NR_MAC]   NR band duplex spacing is 0 KHz (nr_bandtable[40].band = 78)
[0m[NR_MAC]   NR band 78, duplex mode TDD, duplex spacing = 0 KHz
[0m[NR_MAC]   NR band duplex spacing is 0 KHz (nr_bandtable[40].band = 78)
[0m[NR_MAC]   NR band 78, duplex mode TDD, duplex spacing = 0 KHz
[0m[NR_MAC]   NR band duplex spacing is 0 KHz (nr_bandtable[40].band = 78)
[0m[NR_MAC]   NR band 78, duplex mode TDD, duplex spacing = 0 KHz
[0m[NR_MAC]   NR band duplex spacing is 0 KHz (nr_bandtable[40].band = 78)
[0m[NR_MAC]   NR band 78, duplex mode TDD, duplex spacing = 0 KHz
[0m[NR_MAC]   NR band duplex spacing is 0 KHz (nr_bandtable[40].band = 78)
[0m[NR_MAC]   NR band 78, duplex mode TDD, duplex spacing = 0 KHz
[0m
