===== CU stdout (tail -n 100) =====
[ENB_APP]   nfapi (0) running mode: MONOLITHIC
[0m[GNB_APP]   Getting GNBSParams
[0m[OPT]   OPT disabled
[0m[HW]   Version: Branch: HEAD Abrev. Hash: 7026763286 Date: Tue Jul 2 12:38:22 2024 +0000
[0m[PHY]   create_gNB_tasks() Task ready initialize structures
[0m[NR_PHY]   RC.gNB = 0x5a256d6aea20
[0m[PHY]   No prs_config configuration found..!!
[0m[PHY]   create_gNB_tasks() RC.nb_nr_L1_inst:0
[0m[GNB_APP]   Allocating gNB_RRC_INST for 1 instances
[0m[GNB_APP]   F1AP: gNB_CU_id[0] 3584
[0m[GNB_APP]   F1AP: gNB_CU_name[0] gNB-Eurecom-CU
[0m[GNB_APP]   SDAP layer is disabled
[0m[GNB_APP]   Data Radio Bearer count 1
[0m[NR_RRC]   do_SIB23_NR, size 9 
 [0m[PDCP]   pdcp init,usegtp 
[0m[GNB_APP]   default drx 0
[0m[GNB_APP]   [gNB 0] gNB_app_register for instance 0
[0m[UTIL]   threadCreate() for TASK_SCTP: creating thread with affinity ffffffff, priority 50
[0m[ITTI]   Created Posix thread TASK_SCTP
[0m[X2AP]   X2AP is disabled.
[0m[UTIL]   threadCreate() for TASK_NGAP: creating thread with affinity ffffffff, priority 50
[0m[ITTI]   Created Posix thread TASK_NGAP
[0m[UTIL]   threadCreate() for TASK_GNB_APP: creating thread with affinity ffffffff, priority 50
[0m[NGAP]   Registered new gNB[0] and macro gNB id 3584
[0m[NGAP]   [gNB 0] check the amf registration state
[0m[ITTI]   Created Posix thread TASK_GNB_APP
[0m[UTIL]   threadCreate() for TASK_RRC_GNB: creating thread with affinity ffffffff, priority 50
[0m[93m[SCTP]   sctp_bindx() SCTP_BINDX_ADD_ADDR failed: errno 99 Cannot assign requested address
[0m[1;31m[SCTP]   could not open socket, no SCTP connection established
[0m[UTIL]   threadCreate() for TASK_CU_F1: creating thread with affinity ffffffff, priority 50
[0m[ITTI]   Created Posix thread TASK_RRC_GNB
[0m[GTPU]   Configuring GTPu
[0m[GTPU]   SA mode 
[0m[GTPU]   Configuring GTPu address : 192.168.8.43, port : 2152
[0m[GTPU]   Initializing UDP for local address 192.168.8.43 with port 2152
[0m[93m[GTPU]   bind: Cannot assign requested address
[0m[1;31m[GTPU]   failed to bind socket: 192.168.8.43 2152 
[0m[1;31m[GTPU]   can't create GTP-U instance
[0m[GTPU]   Created gtpu instance id: -1
[0m[1;31m[E1AP]   Failed to create CUUP N3 UDP listener[0m[F1AP]   Starting F1AP at CU
[0m[NR_RRC]   Entering main loop of NR_RRC message task
[0m[ITTI]   Created Posix thread TASK_CU_F1
[0m[F1AP]   F1AP_CU_SCTP_REQ(create socket) for 127.0.0.5 len 10
[0m[NR_RRC]   Accepting new CU-UP ID 3584 name gNB-Eurecom-CU (assoc_id -1)
[0m[UTIL]   threadCreate() for TASK_GTPV1_U: creating thread with affinity ffffffff, priority 50
[0m[GTPU]   Initializing UDP for local address 127.0.0.5 with port 2152
[0m[GTPU]   Created gtpu instance id: 97
[0m[ITTI]   Created Posix thread TASK_GTPV1_U
[0m[NR_RRC]   Received F1 Setup Request from gNB_DU 3584 (gNB-Eurecom-DU) on assoc_id 1092
[0m[RRC]   Accepting DU 3584 (gNB-Eurecom-DU), sending F1 Setup Response
[0m[RRC]   DU uses RRC version 17.3.0
[0m[NR_RRC]   Decoding CCCH: RNTI 5e1c, payload_size 6
[0m[NR_RRC]   Created new UE context: CU UE ID 1 DU UE ID 24092 (rnti: 5e1c, random ue id fe4b3b1c0b000000)
[0m[RRC]   activate SRB 1 of UE 1
[0m[NR_RRC]   rrc_gNB_generate_RRCSetup for RNTI 5e1c
[0m[93m[RRC]   trigger release with 0 pdu
[0m[NR_RRC]   removed UE CU UE ID 1/RNTI 5e1c 
[0m[1;31m[NGAP]   Failed to find ue context associated with gNB ue ngap id: 1
[0m[NR_RRC]   Removed UE context
[0m
===== DU stdout (tail -n 100) =====
[0m[UTIL]   threadCreate() for Tpool3_-1: creating thread with affinity ffffffff, priority 97
[0m[UTIL]   threadCreate() for Tpool4_-1: creating thread with affinity ffffffff, priority 97
[0m[UTIL]   threadCreate() for Tpool5_-1: creating thread with affinity ffffffff, priority 97
[0m[UTIL]   threadCreate() for Tpool6_-1: creating thread with affinity ffffffff, priority 97
[0m[UTIL]   threadCreate() for Tpool7_-1: creating thread with affinity ffffffff, priority 97
[0m[UTIL]   threadCreate() for L1_rx_thread: creating thread with affinity ffffffff, priority 97
[0m[UTIL]   threadCreate() for L1_tx_thread: creating thread with affinity ffffffff, priority 97
[0m[UTIL]   threadCreate() for L1_stats: creating thread with affinity ffffffff, priority 1
[0mNRRRC 0: Southbound Transport local_mac
START MAIN THREADS
RC.nb_nr_L1_inst:1
Initializing gNB threads single_thread_flag:1 wait_for_sync:0
wait_gNBs()
Waiting for gNB L1 instances to all get configured ... sleeping 50ms (nb_nr_sL1_inst 1)
gNB L1 are configured
About to Init RU threads RC.nb_RU:1
Initializing RU threads
configuring RU from file
Set RU mask to 1
Creating RC.ru[0]:0x594333289490
Setting function for RU 0 to gNodeB_3GPP
[RU 0] Setting nr_flag 0, nr_band 78, nr_scs_for_raster 1
[RU 0] Setting half-slot parallelization to 1
configuring ru_id 0 (start_rf 0x594314875ef0)
wait RUs
shlib_path librfsimulator.so
[LOADER] library librfsimulator.so successfully loaded
Initializing random number generator, seed 16915044092979152600
setup_RU_buffers: frame_parms = 0x7f2c18473010
waiting for sync (ru_thread,-1/0x59431542a0ac,0x594315cbb8c0,0x594315cbb880)
RC.ru_mask:00
ALL RUs READY!
RC.nb_RU:1
ALL RUs ready - init gNBs
Not NFAPI mode - call init_eNB_afterRU()
shlib_path libdfts.so
[LOADER] library libdfts.so successfully loaded
shlib_path libldpc.so
[LOADER] library libldpc.so successfully loaded
ALL RUs ready - ALL gNBs ready
Sending sync to all threads
Entering ITTI signals handler
TYPE <CTRL-C> TO TERMINATE
got sync (ru_thread)
waiting for sync (L1_stats_thread,0/0x59431542a0ac,0x594315cbb8c0,0x594315cbb880)
got sync (L1_stats_thread)
[PHY]   RU 0 rf device ready
[0m[PHY]   RU 0 RF started opp_enabled 0
[0m[HW]   No connected device, generating void samples...
[0m[32m[PHY]   Command line parameters for the UE: -C 3619200000 -r 106 --numerology 1 --ssb 516
[0m[HW]   A client connects, sending the current time
[0m[93m[HW]   Not supported to send Tx out of order 21425024, 21425023
[0m[NR_MAC]   Frame.Slot 128.0

[0m[NR_PHY]   [RAPROC] 183.19 Initiating RA procedure with preamble 10, energy 54.0 dB (I0 0, thres 120), delay 0 start symbol 0 freq index 0
[0m[NR_MAC]   183.19 UE RA-RNTI 010b TC-RNTI 5e1c: Activating RA process index 0
[0m[32m[NR_MAC]   UE 5e1c: 184.7 Generating RA-Msg2 DCI, RA RNTI 0x10b, state 1, CoreSetType 0, RAPID 10
[0m[NR_MAC]   UE 5e1c: Msg3 scheduled at 184.17 (184.7 k2 7 TDA 3)
[0m[NR_MAC]   Starting RA Contention Resolution timer with 8 ms + 2 * 7 K2 (30 slots) duration
[0m[NR_MAC]   Adding new UE context with RNTI 0x5e1c
[0m[NR_MAC]   [gNB 0][RAPROC] PUSCH with TC_RNTI 0x5e1c received correctly, adding UE MAC Context RNTI 0x5e1c
[0m[32m[NR_MAC]   [RAPROC] RA-Msg3 received (sdu_lenP 7)
[0m[RLC]   Activated srb0 for UE 24092
[0m[RLC]   Added srb 1 to UE 24092
[0m[NR_MAC]   Activating scheduling RA-Msg4 for TC_RNTI 0x5e1c (state WAIT_Msg3)
[0m[93m[NR_MAC]   Unexpected ULSCH HARQ PID 0 (have -1) for RNTI 0x5e1c (ignore this warning for RA)
[0m[NR_MAC]   No CU UE ID stored for UE RNTI 5e1c, adding CU UE ID 1
[0m[NR_MAC]   UE 5e1c Generate msg4: feedback at  185.17, payload 149 bytes, next state WAIT_Msg4_ACK
[0m[93m[NR_MAC]   (185.18) RA Contention Resolution timer expired for UE 0x5e1c, RA procedure failed...
[0m[93m[RLC]   Remove UE 24092
[0m[NR_MAC]   Remove NR rnti 0x5e1c
[0m[1;31m[GTPU]   try to get a gtp-u not existing output
[0m[1;31m[NR_MAC]   handle_nr_uci_pucch_0_1(): unknown RNTI 5e1c in PUCCH UCI
[0m[NR_PHY]   [RAPROC] 219.19 Initiating RA procedure with preamble 31, energy 56.4 dB (I0 0, thres 120), delay 0 start symbol 0 freq index 0
[0m[NR_MAC]   219.19 UE RA-RNTI 010b TC-RNTI d70b: Activating RA process index 0
[0m[32m[NR_MAC]   UE d70b: 220.7 Generating RA-Msg2 DCI, RA RNTI 0x10b, state 1, CoreSetType 0, RAPID 31
[0m[NR_MAC]   UE d70b: Msg3 scheduled at 220.17 (220.7 k2 7 TDA 3)
[0m[NR_MAC]   Starting RA Contention Resolution timer with 8 ms + 2 * 7 K2 (30 slots) duration
[0m[NR_MAC]   Adding new UE context with RNTI 0xd70b
[0m[NR_MAC]   [gNB 0][RAPROC] PUSCH with TC_RNTI 0xd70b received correctly, adding UE MAC Context RNTI 0xd70b
[0m[32m[NR_MAC]   [RAPROC] RA-Msg3 received (sdu_lenP 7)
[0m[93m[NR_MAC]   No UE found with C-RNTI 5e1c, ignoring Msg3 to have UE come back with new RA attempt
[0m[93m[NR_MAC]   Call to del rnti 5e1c, but not existing
[0m[93m[NR_MAC]   Unexpected ULSCH HARQ PID 0 (have -1) for RNTI 0xd70b (ignore this warning for RA)
[0m[93m[RLC]   Remove UE 55051
[0m[93m[RLC]   Warning: ue 55051 not found
[0m[NR_MAC]   Remove NR rnti 0xd70b
[0m[NR_MAC]   Frame.Slot 256.0

[0m[NR_MAC]   Frame.Slot 384.0

[0m[NR_MAC]   Frame.Slot 512.0

[0m[NR_MAC]   Frame.Slot 640.0

[0m[NR_MAC]   Frame.Slot 768.0

[0m[NR_MAC]   Frame.Slot 896.0

[0m
===== UE stdout (tail -n 100) =====
[0m[PHY]   [UE thread Synch] Running Initial Synch 
[0m[NR_PHY]   Starting cell search with center freq: 3619200000, bandwidth: 106. Scanning for 1 number of GSCN.
[0m[NR_PHY]   Scanning GSCN: 0, with SSB offset: 516, SSB Freq: 0.000000
[0m[PHY]   Initial sync: pbch decoded sucessfully, ssb index 0
[0m[32m[NR_PHY]   Cell Detected with GSCN: 0, SSB SC offset: 516, SSB Ref: 0.000000, PSS Corr peak: 99 dB, PSS Corr Average: 60
[0m[PHY]   [UE0] In synch, rx_offset 109696 samples
[0m[PHY]   [UE 0] Measured Carrier Frequency offset 15 Hz
[0m[32m[PHY]   Initial sync successful, PCI: 0
[0m[PHY]   HW: Configuring channel 0 (rf_chain 0): setting tx_freq 3619200015 Hz, rx_freq 3619200015 Hz, tune_offset 0
[0m[PHY]   Got synch: hw_slot_offset 7, carrier off 15 Hz, rxgain 0.000000 (DL 3619200015.000000 Hz, UL 3619200015.000000 Hz)
[0m[32m[PHY]   UE synchronized! decoded_frame_rx=36 UE->init_sync_frame=0 trashed_frames=6
[0m[PHY]   Resynchronizing RX by 109696 samples
[0m[HW]   received write reorder clear context
[0m[93m[HW]   Gap in writing to USRP: last written 26419199, now 26510559, gap 91360
[0m[32m[NR_RRC]   SIB1 decoded
[0m[NR_MAC]   NR band duplex spacing is 0 KHz (nr_bandtable[40].band = 78)
[0m[NR_MAC]   NR band 78, duplex mode TDD, duplex spacing = 0 KHz
[0m[NR_PHY]   ============================================
[0m[NR_PHY]   Harq round stats for Downlink: 1/0/0
[0m[NR_PHY]   ============================================
[0m[NR_PHY]   ============================================
[0m[NR_PHY]   Harq round stats for Downlink: 1/0/0
[0m[NR_PHY]   ============================================
[0m[NR_MAC]   NR band duplex spacing is 0 KHz (nr_bandtable[40].band = 78)
[0m[NR_MAC]   NR band 78, duplex mode TDD, duplex spacing = 0 KHz
[0m[NR_MAC]   Initialization of 4-step contention-based random access procedure
[0m[NR_MAC]   PRACH scheduler: Selected RO Frame 183, Slot 19, Symbol 0, Fdm 0
[0m[PHY]   PRACH [UE 0] in frame.slot 183.19, placing PRACH in position 2828, msg1 frequency start 0 (k1 0), preamble_offset 2, first_nonzero_root_idx 0
[0m[1;31m[NR_MAC]   Trying to process acknack for an inactive harq process (0)
[0m[NR_MAC]   [UE 0][RAPROC][RA-RNTI 0005] Got BI RAR subPDU 267 ms
[0m[NR_MAC]   [UE 0][RAPROC][RA-RNTI 010b] Got RAPID RAR subPDU
[0m[32m[NR_MAC]   [UE 0][RAPROC][184.7] Found RAR with the intended RAPID 10
[0m[93m[MAC]   received TA command 31
[0m[NR_MAC]   NR band duplex spacing is 0 KHz (nr_bandtable[40].band = 78)
[0m[NR_MAC]   NR band 78, duplex mode TDD, duplex spacing = 0 KHz
[0m[PHY]   RAR-Msg2 decoded
[0m[32m[NR_MAC]   [RAPROC][184.17] RA-Msg3 transmitted
[0m[MAC]   [UE 0]Frame 185 Contention resolution identity: 0x10b1c3b4bfe6 Terminating RA procedure
[0m[32m[MAC]   [UE 0][185.10][RAPROC] RA procedure succeeded. CB-RA: Contention Resolution is successful.
[0m[NR_RRC]   [UE0][RAPROC] Logical Channel DL-CCCH (SRB0), Received NR_RRCSetup
[0m[RLC]   Added srb 1 to UE 0
[0m[MAC]   Applying CellGroupConfig from gNodeB
[0m[NR_RRC]   State = NR_RRC_CONNECTED
[0m[NR_RRC]   [UE 0][RAPROC] Logical Channel UL-DCCH (SRB1), Generating RRCSetupComplete (bytes33)
[0m[NR_PHY]   ============================================
[0m[NR_PHY]   Harq round stats for Downlink: 3/0/0
[0m[NR_PHY]   ============================================
[0m[93m[NR_MAC]   [UE 0] SR not served! SR counter 64 reached sr_MaxTransmissions 64
[0m[93m[NR_MAC]   Triggering new RA procedure for UE with RNTI 5e1c
[0m[NR_MAC]   NR band duplex spacing is 0 KHz (nr_bandtable[40].band = 78)
[0m[NR_MAC]   NR band 78, duplex mode TDD, duplex spacing = 0 KHz
[0m[NR_MAC]   Initialization of 4-step contention-based random access procedure
[0m[NR_MAC]   PRACH scheduler: Selected RO Frame 219, Slot 19, Symbol 0, Fdm 0
[0m[PHY]   PRACH [UE 0] in frame.slot 219.19, placing PRACH in position 2828, msg1 frequency start 0 (k1 0), preamble_offset 7, first_nonzero_root_idx 0
[0m[1;31m[NR_MAC]   Trying to process acknack for an inactive harq process (0)
[0m[NR_MAC]   [UE 0][RAPROC][RA-RNTI 0005] Got BI RAR subPDU 267 ms
[0m[NR_MAC]   [UE 0][RAPROC][RA-RNTI 010b] Got RAPID RAR subPDU
[0m[32m[NR_MAC]   [UE 0][RAPROC][220.7] Found RAR with the intended RAPID 31
[0m[93m[MAC]   received TA command 31
[0m[NR_MAC]   NR band duplex spacing is 0 KHz (nr_bandtable[40].band = 78)
[0m[NR_MAC]   NR band 78, duplex mode TDD, duplex spacing = 0 KHz
[0m[PHY]   RAR-Msg2 decoded
[0m[32m[NR_MAC]   [RAPROC][220.17] RA-Msg3 transmitted
[0m[NR_PHY]   ============================================
[0m[NR_PHY]   Harq round stats for Downlink: 4/0/0
[0m[NR_PHY]   ============================================
[0m[NR_PHY]   ============================================
[0m[NR_PHY]   Harq round stats for Downlink: 4/0/0
[0m[NR_PHY]   ============================================
[0m[NR_PHY]   ============================================
[0m[NR_PHY]   Harq round stats for Downlink: 4/0/0
[0m[NR_PHY]   ============================================
[0m[NR_PHY]   ============================================
[0m[NR_PHY]   Harq round stats for Downlink: 4/0/0
[0m[NR_PHY]   ============================================
[0m[NR_PHY]   ============================================
[0m[NR_PHY]   Harq round stats for Downlink: 4/0/0
[0m[NR_PHY]   ============================================
[0m[NR_PHY]   ============================================
[0m[NR_PHY]   Harq round stats for Downlink: 4/0/0
[0m[NR_PHY]   ============================================
[0m[NR_PHY]   ============================================
[0m[NR_PHY]   Harq round stats for Downlink: 4/0/0
[0m[NR_PHY]   ============================================
[0m[NR_PHY]   ============================================
[0m[NR_PHY]   Harq round stats for Downlink: 4/0/0
[0m[NR_PHY]   ============================================
[0m[NR_PHY]   ============================================
[0m[NR_PHY]   Harq round stats for Downlink: 4/0/0
[0m[NR_PHY]   ============================================
[0m[NR_PHY]   ============================================
[0m[NR_PHY]   Harq round stats for Downlink: 4/0/0
[0m[NR_PHY]   ============================================
[0m[NR_PHY]   ============================================
[0m[NR_PHY]   Harq round stats for Downlink: 4/0/0
[0m[NR_PHY]   ============================================
[0m[NR_PHY]   ============================================
[0m[NR_PHY]   Harq round stats for Downlink: 4/0/0
[0m[NR_PHY]   ============================================
[0m
