===== CU stdout (tail -n 100) =====
[ENB_APP]   nfapi (0) running mode: MONOLITHIC
[0m[GNB_APP]   Getting GNBSParams
[0m[OPT]   OPT disabled
[0m[HW]   Version: Branch: HEAD Abrev. Hash: 7026763286 Date: Tue Jul 2 12:38:22 2024 +0000
[0m[PHY]   create_gNB_tasks() Task ready initialize structures
[0m[NR_PHY]   RC.gNB = 0x594b6c658a20
[0m[PHY]   No prs_config configuration found..!!
[0m[PHY]   create_gNB_tasks() RC.nb_nr_L1_inst:0
[0m[GNB_APP]   Allocating gNB_RRC_INST for 1 instances
[0m[GNB_APP]   F1AP: gNB_CU_id[0] 3584
[0m[GNB_APP]   F1AP: gNB_CU_name[0] gNB-Eurecom-CU
[0m[GNB_APP]   SDAP layer is disabled
[0m[GNB_APP]   Data Radio Bearer count 1
[0m[NR_RRC]   do_SIB23_NR, size 9 
 [0m[PDCP]   pdcp init,usegtp 
[0m[GNB_APP]   default drx 0
[0m[GNB_APP]   [gNB 0] gNB_app_register for instance 0
[0m[UTIL]   threadCreate() for TASK_SCTP: creating thread with affinity ffffffff, priority 50
[0m[ITTI]   Created Posix thread TASK_SCTP
[0m[X2AP]   X2AP is disabled.
[0m[UTIL]   threadCreate() for TASK_NGAP: creating thread with affinity ffffffff, priority 50
[0m[ITTI]   Created Posix thread TASK_NGAP
[0m[UTIL]   threadCreate() for TASK_GNB_APP: creating thread with affinity ffffffff, priority 50
[0m[NGAP]   Registered new gNB[0] and macro gNB id 3584
[0m[NGAP]   [gNB 0] check the amf registration state
[0m[ITTI]   Created Posix thread TASK_GNB_APP
[0m[UTIL]   threadCreate() for TASK_RRC_GNB: creating thread with affinity ffffffff, priority 50
[0m[93m[SCTP]   sctp_bindx() SCTP_BINDX_ADD_ADDR failed: errno 99 Cannot assign requested address
[0m[1;31m[SCTP]   could not open socket, no SCTP connection established
[0m[UTIL]   threadCreate() for TASK_CU_F1: creating thread with affinity ffffffff, priority 50
[0m[ITTI]   Created Posix thread TASK_RRC_GNB
[0m[GTPU]   Configuring GTPu
[0m[GTPU]   SA mode 
[0m[GTPU]   Configuring GTPu address : 192.168.8.43, port : 2152
[0m[GTPU]   Initializing UDP for local address 192.168.8.43 with port 2152
[0m[93m[GTPU]   bind: Cannot assign requested address
[0m[1;31m[GTPU]   failed to bind socket: 192.168.8.43 2152 
[0m[1;31m[GTPU]   can't create GTP-U instance
[0m[GTPU]   Created gtpu instance id: -1
[0m[1;31m[E1AP]   Failed to create CUUP N3 UDP listener[0m[F1AP]   Starting F1AP at CU
[0m[ITTI]   Created Posix thread TASK_CU_F1
[0m[NR_RRC]   Entering main loop of NR_RRC message task
[0m[NR_RRC]   Accepting new CU-UP ID 3584 name gNB-Eurecom-CU (assoc_id -1)
[0m[UTIL]   threadCreate() for TASK_GTPV1_U: creating thread with affinity ffffffff, priority 50
[0m[F1AP]   F1AP_CU_SCTP_REQ(create socket) for 127.0.0.5 len 10
[0m[GTPU]   Initializing UDP for local address 127.0.0.5 with port 2152
[0m[GTPU]   Created gtpu instance id: 97
[0m[ITTI]   Created Posix thread TASK_GTPV1_U
[0m[NR_RRC]   Received F1 Setup Request from gNB_DU 3584 (gNB-Eurecom-DU) on assoc_id 1076
[0m[RRC]   Accepting DU 3584 (gNB-Eurecom-DU), sending F1 Setup Response
[0m[RRC]   DU uses RRC version 17.3.0
[0m[NR_RRC]   Decoding CCCH: RNTI 82da, payload_size 6
[0m[NR_RRC]   Created new UE context: CU UE ID 1 DU UE ID 33498 (rnti: 82da, random ue id 8403a98e58000000)
[0m[RRC]   activate SRB 1 of UE 1
[0m[NR_RRC]   rrc_gNB_generate_RRCSetup for RNTI 82da
[0m[NR_RRC]   Decoding CCCH: RNTI 47ec, payload_size 6
[0m[NR_RRC]   Created new UE context: CU UE ID 2 DU UE ID 18412 (rnti: 47ec, random ue id b078c4a2c7000000)
[0m[RRC]   activate SRB 1 of UE 2
[0m[NR_RRC]   rrc_gNB_generate_RRCSetup for RNTI 47ec
[0m[32m[NR_RRC]   UE 2 Processing NR_RRCSetupComplete from UE
[0m[NR_RRC]   [FRAME 00000][gNB][MOD 00][RNTI 2] UE State = NR_RRC_CONNECTED 
[0m[93m[NGAP]   No AMF is associated to the gNB
[0m
===== DU stdout (tail -n 100) =====
[0m[NR_MAC]   UE 82da Generate msg4: feedback at  186.17, payload 177 bytes, next state WAIT_Msg4_ACK
[0m[NR_MAC]   (UE 82da) Received Nack of RA-Msg4. Preparing retransmission!
[0m[NR_MAC]   UE 82da Generate msg4: feedback at  187.17, payload 177 bytes, next state WAIT_Msg4_ACK
[0m[NR_MAC]   (UE 82da) Received Nack of RA-Msg4. Preparing retransmission!
[0m[NR_MAC]   UE 82da Generate msg4: feedback at  188.17, payload 177 bytes, next state WAIT_Msg4_ACK
[0m[NR_MAC]    189. 3 UE 82da: RA Procedure failed at Msg4!
[0m[NR_PHY]   [RAPROC] 225.19 Initiating RA procedure with preamble 6, energy 54.0 dB (I0 0, thres 120), delay 0 start symbol 0 freq index 0
[0m[NR_MAC]   225.19 UE RA-RNTI 010b TC-RNTI 47ec: Activating RA process index 0
[0m[32m[NR_MAC]   UE 47ec: 226.7 Generating RA-Msg2 DCI, RA RNTI 0x10b, state 1, CoreSetType 0, RAPID 6
[0m[NR_MAC]   UE 47ec: Msg3 scheduled at 226.17 (226.7 k2 7 TDA 3)
[0m[NR_MAC]   Starting RA Contention Resolution timer with 64 ms + 2 * 7 K2 (142 slots) duration
[0m[NR_MAC]   Adding new UE context with RNTI 0x47ec
[0m[NR_MAC]   [gNB 0][RAPROC] PUSCH with TC_RNTI 0x47ec received correctly, adding UE MAC Context RNTI 0x47ec
[0m[32m[NR_MAC]   [RAPROC] RA-Msg3 received (sdu_lenP 7)
[0m[RLC]   Activated srb0 for UE 18412
[0m[RLC]   Added srb 1 to UE 18412
[0m[NR_MAC]   Activating scheduling RA-Msg4 for TC_RNTI 0x47ec (state WAIT_Msg3)
[0m[93m[NR_MAC]   Unexpected ULSCH HARQ PID 0 (have -1) for RNTI 0x47ec (ignore this warning for RA)
[0m[NR_MAC]   No CU UE ID stored for UE RNTI 47ec, adding CU UE ID 2
[0m[NR_MAC]   UE 47ec Generate msg4: feedback at  227.17, payload 177 bytes, next state WAIT_Msg4_ACK
[0m[NR_MAC]   (UE 47ec) Received Nack of RA-Msg4. Preparing retransmission!
[0m[NR_MAC]   UE 47ec Generate msg4: feedback at  228.17, payload 177 bytes, next state WAIT_Msg4_ACK
[0m[NR_MAC]   (UE 47ec) Received Nack of RA-Msg4. Preparing retransmission!
[0m[NR_MAC]   UE 47ec Generate msg4: feedback at  229.17, payload 177 bytes, next state WAIT_Msg4_ACK
[0m[NR_MAC]   (UE 47ec) Received Nack of RA-Msg4. Preparing retransmission!
[0m[NR_MAC]   UE 47ec Generate msg4: feedback at  230.17, payload 177 bytes, next state WAIT_Msg4_ACK
[0m[32m[NR_MAC]   (UE RNTI 0x47ec) Received Ack of RA-Msg4. CBRA procedure succeeded!
[0m[NR_MAC]   Frame.Slot 256.0
UE RNTI 82da CU-UE-ID 1 out-of-sync PH 0 dB PCMAX 0 dBm, average RSRP 0 (0 meas)
UE 82da: dlsch_rounds 1/1/1/1, dlsch_errors 1, pucch0_DTX 4, BLER 0.00000 MCS (0) 0
UE 82da: ulsch_rounds 0/0/0/0, ulsch_errors 0, ulsch_DTX 0, BLER 0.00000 MCS (0) 0 (Qm 2  dB) NPRB 0  SNR 57.0 dB
UE 82da: MAC:    TX              0 RX              0 bytes
UE 82da: LCID 1: TX              0 RX              0 bytes
UE RNTI 47ec CU-UE-ID 2 in-sync PH 0 dB PCMAX 0 dBm, average RSRP -44 (2 meas)
UE 47ec: dlsch_rounds 4/1/1/1, dlsch_errors 0, pucch0_DTX 3, BLER 0.10000 MCS (0) 9
UE 47ec: ulsch_rounds 6/1/0/0, ulsch_errors 0, ulsch_DTX 1, BLER 0.11000 MCS (0) 9 (Qm 2  dB) NPRB 5  SNR 57.0 dB
UE 47ec: MAC:    TX            369 RX            604 bytes
UE 47ec: LCID 1: TX             15 RX             45 bytes

[0m[NR_MAC]   Frame.Slot 384.0
UE RNTI 82da CU-UE-ID 1 out-of-sync PH 0 dB PCMAX 0 dBm, average RSRP 0 (0 meas)
UE 82da: dlsch_rounds 1/1/1/1, dlsch_errors 1, pucch0_DTX 4, BLER 0.00000 MCS (0) 0
UE 82da: ulsch_rounds 0/0/0/0, ulsch_errors 0, ulsch_DTX 0, BLER 0.00000 MCS (0) 0 (Qm 2  dB) NPRB 0  SNR 57.0 dB
UE 82da: MAC:    TX              0 RX              0 bytes
UE 82da: LCID 1: TX              0 RX              0 bytes
UE RNTI 47ec CU-UE-ID 2 in-sync PH 0 dB PCMAX 0 dBm, average RSRP -44 (16 meas)
UE 47ec: dlsch_rounds 5/1/1/1, dlsch_errors 0, pucch0_DTX 3, BLER 0.11500 MCS (0) 9
UE 47ec: ulsch_rounds 19/1/0/0, ulsch_errors 0, ulsch_DTX 1, BLER 0.02796 MCS (0) 9 (Qm 2  dB) NPRB 5  SNR 57.0 dB
UE 47ec: MAC:    TX            492 RX           2112 bytes
UE 47ec: LCID 1: TX             15 RX             45 bytes

[0m[NR_MAC]   Frame.Slot 512.0
UE RNTI 82da CU-UE-ID 1 out-of-sync PH 0 dB PCMAX 0 dBm, average RSRP 0 (0 meas)
UE 82da: dlsch_rounds 1/1/1/1, dlsch_errors 1, pucch0_DTX 4, BLER 0.00000 MCS (0) 0
UE 82da: ulsch_rounds 0/0/0/0, ulsch_errors 0, ulsch_DTX 0, BLER 0.00000 MCS (0) 0 (Qm 2  dB) NPRB 0  SNR 57.0 dB
UE 82da: MAC:    TX              0 RX              0 bytes
UE 82da: LCID 1: TX              0 RX              0 bytes
UE RNTI 47ec CU-UE-ID 2 in-sync PH 0 dB PCMAX 0 dBm, average RSRP -44 (16 meas)
UE 47ec: dlsch_rounds 6/1/1/1, dlsch_errors 0, pucch0_DTX 3, BLER 0.10350 MCS (0) 9
UE 47ec: ulsch_rounds 32/1/0/0, ulsch_errors 0, ulsch_DTX 1, BLER 0.00711 MCS (0) 9 (Qm 2  dB) NPRB 5  SNR 57.0 dB
UE 47ec: MAC:    TX            615 RX           3620 bytes
UE 47ec: LCID 1: TX             15 RX             45 bytes

[0m[NR_MAC]   Frame.Slot 640.0
UE RNTI 82da CU-UE-ID 1 out-of-sync PH 0 dB PCMAX 0 dBm, average RSRP 0 (0 meas)
UE 82da: dlsch_rounds 1/1/1/1, dlsch_errors 1, pucch0_DTX 4, BLER 0.00000 MCS (0) 0
UE 82da: ulsch_rounds 0/0/0/0, ulsch_errors 0, ulsch_DTX 0, BLER 0.00000 MCS (0) 0 (Qm 2  dB) NPRB 0  SNR 57.0 dB
UE 82da: MAC:    TX              0 RX              0 bytes
UE 82da: LCID 1: TX              0 RX              0 bytes
UE RNTI 47ec CU-UE-ID 2 in-sync PH 0 dB PCMAX 0 dBm, average RSRP -44 (16 meas)
UE 47ec: dlsch_rounds 8/1/1/1, dlsch_errors 0, pucch0_DTX 3, BLER 0.08383 MCS (0) 9
UE 47ec: ulsch_rounds 45/1/0/0, ulsch_errors 0, ulsch_DTX 1, BLER 0.00181 MCS (0) 9 (Qm 2  dB) NPRB 5  SNR 57.0 dB
UE 47ec: MAC:    TX            861 RX           5128 bytes
UE 47ec: LCID 1: TX             15 RX             45 bytes

[0m[NR_MAC]   Frame.Slot 768.0
UE RNTI 82da CU-UE-ID 1 out-of-sync PH 0 dB PCMAX 0 dBm, average RSRP 0 (0 meas)
UE 82da: dlsch_rounds 1/1/1/1, dlsch_errors 1, pucch0_DTX 4, BLER 0.00000 MCS (0) 0
UE 82da: ulsch_rounds 0/0/0/0, ulsch_errors 0, ulsch_DTX 0, BLER 0.00000 MCS (0) 0 (Qm 2  dB) NPRB 0  SNR 57.0 dB
UE 82da: MAC:    TX              0 RX              0 bytes
UE 82da: LCID 1: TX              0 RX              0 bytes
UE RNTI 47ec CU-UE-ID 2 in-sync PH 0 dB PCMAX 0 dBm, average RSRP -44 (16 meas)
UE 47ec: dlsch_rounds 9/1/1/1, dlsch_errors 0, pucch0_DTX 3, BLER 0.07545 MCS (0) 9
UE 47ec: ulsch_rounds 57/1/0/0, ulsch_errors 0, ulsch_DTX 1, BLER 0.00051 MCS (0) 9 (Qm 2  dB) NPRB 5  SNR 57.0 dB
UE 47ec: MAC:    TX            984 RX           6520 bytes
UE 47ec: LCID 1: TX             15 RX             45 bytes

[0m[NR_MAC]   Frame.Slot 896.0
UE RNTI 82da CU-UE-ID 1 out-of-sync PH 0 dB PCMAX 0 dBm, average RSRP 0 (0 meas)
UE 82da: dlsch_rounds 1/1/1/1, dlsch_errors 1, pucch0_DTX 4, BLER 0.00000 MCS (0) 0
UE 82da: ulsch_rounds 0/0/0/0, ulsch_errors 0, ulsch_DTX 0, BLER 0.00000 MCS (0) 0 (Qm 2  dB) NPRB 0  SNR 57.0 dB
UE 82da: MAC:    TX              0 RX              0 bytes
UE 82da: LCID 1: TX              0 RX              0 bytes
UE RNTI 47ec CU-UE-ID 2 in-sync PH 0 dB PCMAX 0 dBm, average RSRP -44 (16 meas)
UE 47ec: dlsch_rounds 10/1/1/1, dlsch_errors 0, pucch0_DTX 3, BLER 0.06791 MCS (0) 9
UE 47ec: ulsch_rounds 70/1/0/0, ulsch_errors 0, ulsch_DTX 1, BLER 0.00013 MCS (0) 9 (Qm 2  dB) NPRB 5  SNR 57.0 dB
UE 47ec: MAC:    TX           1107 RX           8028 bytes
UE 47ec: LCID 1: TX             15 RX             45 bytes

[0m
===== UE stdout (tail -n 100) =====
[0m[NR_MAC]   NR band 78, duplex mode TDD, duplex spacing = 0 KHz
[0m[NR_MAC]   NR band duplex spacing is 0 KHz (nr_bandtable[40].band = 78)
[0m[NR_MAC]   NR band 78, duplex mode TDD, duplex spacing = 0 KHz
[0m[NR_MAC]   NR band duplex spacing is 0 KHz (nr_bandtable[40].band = 78)
[0m[NR_MAC]   NR band 78, duplex mode TDD, duplex spacing = 0 KHz
[0m[NR_PHY]   ============================================
[0m[NR_PHY]   Harq round stats for Downlink: 10/0/0
[0m[NR_PHY]   ============================================
[0m[NR_MAC]   NR band duplex spacing is 0 KHz (nr_bandtable[40].band = 78)
[0m[NR_MAC]   NR band 78, duplex mode TDD, duplex spacing = 0 KHz
[0m[NR_MAC]   NR band duplex spacing is 0 KHz (nr_bandtable[40].band = 78)
[0m[NR_MAC]   NR band 78, duplex mode TDD, duplex spacing = 0 KHz
[0m[NR_MAC]   NR band duplex spacing is 0 KHz (nr_bandtable[40].band = 78)
[0m[NR_MAC]   NR band 78, duplex mode TDD, duplex spacing = 0 KHz
[0m[NR_MAC]   NR band duplex spacing is 0 KHz (nr_bandtable[40].band = 78)
[0m[NR_MAC]   NR band 78, duplex mode TDD, duplex spacing = 0 KHz
[0m[NR_MAC]   NR band duplex spacing is 0 KHz (nr_bandtable[40].band = 78)
[0m[NR_MAC]   NR band 78, duplex mode TDD, duplex spacing = 0 KHz
[0m[NR_MAC]   NR band duplex spacing is 0 KHz (nr_bandtable[40].band = 78)
[0m[NR_MAC]   NR band 78, duplex mode TDD, duplex spacing = 0 KHz
[0m[NR_MAC]   NR band duplex spacing is 0 KHz (nr_bandtable[40].band = 78)
[0m[NR_MAC]   NR band 78, duplex mode TDD, duplex spacing = 0 KHz
[0m[NR_PHY]   ============================================
[0m[NR_PHY]   Harq round stats for Downlink: 11/0/0
[0m[NR_PHY]   ============================================
[0m[NR_MAC]   NR band duplex spacing is 0 KHz (nr_bandtable[40].band = 78)
[0m[NR_MAC]   NR band 78, duplex mode TDD, duplex spacing = 0 KHz
[0m[NR_MAC]   NR band duplex spacing is 0 KHz (nr_bandtable[40].band = 78)
[0m[NR_MAC]   NR band 78, duplex mode TDD, duplex spacing = 0 KHz
[0m[NR_MAC]   NR band duplex spacing is 0 KHz (nr_bandtable[40].band = 78)
[0m[NR_MAC]   NR band 78, duplex mode TDD, duplex spacing = 0 KHz
[0m[NR_MAC]   NR band duplex spacing is 0 KHz (nr_bandtable[40].band = 78)
[0m[NR_MAC]   NR band 78, duplex mode TDD, duplex spacing = 0 KHz
[0m[NR_MAC]   NR band duplex spacing is 0 KHz (nr_bandtable[40].band = 78)
[0m[NR_MAC]   NR band 78, duplex mode TDD, duplex spacing = 0 KHz
[0m[NR_MAC]   NR band duplex spacing is 0 KHz (nr_bandtable[40].band = 78)
[0m[NR_MAC]   NR band 78, duplex mode TDD, duplex spacing = 0 KHz
[0m[NR_PHY]   ============================================
[0m[NR_PHY]   Harq round stats for Downlink: 11/0/0
[0m[NR_PHY]   ============================================
[0m[NR_MAC]   NR band duplex spacing is 0 KHz (nr_bandtable[40].band = 78)
[0m[NR_MAC]   NR band 78, duplex mode TDD, duplex spacing = 0 KHz
[0m[NR_MAC]   NR band duplex spacing is 0 KHz (nr_bandtable[40].band = 78)
[0m[NR_MAC]   NR band 78, duplex mode TDD, duplex spacing = 0 KHz
[0m[NR_MAC]   NR band duplex spacing is 0 KHz (nr_bandtable[40].band = 78)
[0m[NR_MAC]   NR band 78, duplex mode TDD, duplex spacing = 0 KHz
[0m[NR_MAC]   NR band duplex spacing is 0 KHz (nr_bandtable[40].band = 78)
[0m[NR_MAC]   NR band 78, duplex mode TDD, duplex spacing = 0 KHz
[0m[NR_MAC]   NR band duplex spacing is 0 KHz (nr_bandtable[40].band = 78)
[0m[NR_MAC]   NR band 78, duplex mode TDD, duplex spacing = 0 KHz
[0m[NR_MAC]   NR band duplex spacing is 0 KHz (nr_bandtable[40].band = 78)
[0m[NR_MAC]   NR band 78, duplex mode TDD, duplex spacing = 0 KHz
[0m[NR_PHY]   ============================================
[0m[NR_PHY]   Harq round stats for Downlink: 12/0/0
[0m[NR_PHY]   ============================================
[0m[NR_MAC]   NR band duplex spacing is 0 KHz (nr_bandtable[40].band = 78)
[0m[NR_MAC]   NR band 78, duplex mode TDD, duplex spacing = 0 KHz
[0m[NR_MAC]   NR band duplex spacing is 0 KHz (nr_bandtable[40].band = 78)
[0m[NR_MAC]   NR band 78, duplex mode TDD, duplex spacing = 0 KHz
[0m[NR_MAC]   NR band duplex spacing is 0 KHz (nr_bandtable[40].band = 78)
[0m[NR_MAC]   NR band 78, duplex mode TDD, duplex spacing = 0 KHz
[0m[NR_MAC]   NR band duplex spacing is 0 KHz (nr_bandtable[40].band = 78)
[0m[NR_MAC]   NR band 78, duplex mode TDD, duplex spacing = 0 KHz
[0m[NR_MAC]   NR band duplex spacing is 0 KHz (nr_bandtable[40].band = 78)
[0m[NR_MAC]   NR band 78, duplex mode TDD, duplex spacing = 0 KHz
[0m[NR_MAC]   NR band duplex spacing is 0 KHz (nr_bandtable[40].band = 78)
[0m[NR_MAC]   NR band 78, duplex mode TDD, duplex spacing = 0 KHz
[0m[NR_MAC]   NR band duplex spacing is 0 KHz (nr_bandtable[40].band = 78)
[0m[NR_MAC]   NR band 78, duplex mode TDD, duplex spacing = 0 KHz
[0m[NR_PHY]   ============================================
[0m[NR_PHY]   Harq round stats for Downlink: 13/0/0
[0m[NR_PHY]   ============================================
[0m[NR_MAC]   NR band duplex spacing is 0 KHz (nr_bandtable[40].band = 78)
[0m[NR_MAC]   NR band 78, duplex mode TDD, duplex spacing = 0 KHz
[0m[NR_MAC]   NR band duplex spacing is 0 KHz (nr_bandtable[40].band = 78)
[0m[NR_MAC]   NR band 78, duplex mode TDD, duplex spacing = 0 KHz
[0m[NR_MAC]   NR band duplex spacing is 0 KHz (nr_bandtable[40].band = 78)
[0m[NR_MAC]   NR band 78, duplex mode TDD, duplex spacing = 0 KHz
[0m[NR_MAC]   NR band duplex spacing is 0 KHz (nr_bandtable[40].band = 78)
[0m[NR_MAC]   NR band 78, duplex mode TDD, duplex spacing = 0 KHz
[0m[NR_MAC]   NR band duplex spacing is 0 KHz (nr_bandtable[40].band = 78)
[0m[NR_MAC]   NR band 78, duplex mode TDD, duplex spacing = 0 KHz
[0m[NR_MAC]   NR band duplex spacing is 0 KHz (nr_bandtable[40].band = 78)
[0m[NR_MAC]   NR band 78, duplex mode TDD, duplex spacing = 0 KHz
[0m[NR_PHY]   ============================================
[0m[NR_PHY]   Harq round stats for Downlink: 13/0/0
[0m[NR_PHY]   ============================================
[0m[NR_MAC]   NR band duplex spacing is 0 KHz (nr_bandtable[40].band = 78)
[0m[NR_MAC]   NR band 78, duplex mode TDD, duplex spacing = 0 KHz
[0m[NR_MAC]   NR band duplex spacing is 0 KHz (nr_bandtable[40].band = 78)
[0m[NR_MAC]   NR band 78, duplex mode TDD, duplex spacing = 0 KHz
[0m[NR_MAC]   NR band duplex spacing is 0 KHz (nr_bandtable[40].band = 78)
[0m[NR_MAC]   NR band 78, duplex mode TDD, duplex spacing = 0 KHz
[0m[NR_MAC]   NR band duplex spacing is 0 KHz (nr_bandtable[40].band = 78)
[0m[NR_MAC]   NR band 78, duplex mode TDD, duplex spacing = 0 KHz
[0m[NR_MAC]   NR band duplex spacing is 0 KHz (nr_bandtable[40].band = 78)
[0m[NR_MAC]   NR band 78, duplex mode TDD, duplex spacing = 0 KHz
[0m[NR_MAC]   NR band duplex spacing is 0 KHz (nr_bandtable[40].band = 78)
[0m[NR_MAC]   NR band 78, duplex mode TDD, duplex spacing = 0 KHz
[0m
