===== CU stdout (tail -n 100) =====
[ENB_APP]   nfapi (0) running mode: MONOLITHIC
[0m[GNB_APP]   Getting GNBSParams
[0m[OPT]   OPT disabled
[0m[HW]   Version: Branch: HEAD Abrev. Hash: 7026763286 Date: Tue Jul 2 12:38:22 2024 +0000
[0m[PHY]   create_gNB_tasks() Task ready initialize structures
[0m[NR_PHY]   RC.gNB = 0x59337f0ffa20
[0m[PHY]   No prs_config configuration found..!!
[0m[PHY]   create_gNB_tasks() RC.nb_nr_L1_inst:0
[0m[GNB_APP]   Allocating gNB_RRC_INST for 1 instances
[0m[GNB_APP]   F1AP: gNB_CU_id[0] 3584
[0m[GNB_APP]   F1AP: gNB_CU_name[0] gNB-Eurecom-CU
[0m[GNB_APP]   SDAP layer is disabled
[0m[GNB_APP]   Data Radio Bearer count 1
[0m[NR_RRC]   do_SIB23_NR, size 9 
 [0m[PDCP]   pdcp init,usegtp 
[0m[GNB_APP]   default drx 0
[0m[GNB_APP]   [gNB 0] gNB_app_register for instance 0
[0m[UTIL]   threadCreate() for TASK_SCTP: creating thread with affinity ffffffff, priority 50
[0m[ITTI]   Created Posix thread TASK_SCTP
[0m[X2AP]   X2AP is disabled.
[0m[UTIL]   threadCreate() for TASK_NGAP: creating thread with affinity ffffffff, priority 50
[0m[ITTI]   Created Posix thread TASK_NGAP
[0m[UTIL]   threadCreate() for TASK_GNB_APP: creating thread with affinity ffffffff, priority 50
[0m[ITTI]   Created Posix thread TASK_GNB_APP
[0m[UTIL]   threadCreate() for TASK_RRC_GNB: creating thread with affinity ffffffff, priority 50
[0m[NGAP]   Registered new gNB[0] and macro gNB id 3584
[0m[NGAP]   [gNB 0] check the amf registration state
[0m[ITTI]   Created Posix thread TASK_RRC_GNB
[0m[GTPU]   Configuring GTPu
[0m[GTPU]   SA mode 
[0m[GTPU]   Configuring GTPu address : 192.168.8.43, port : 2152
[0m[GTPU]   Initializing UDP for local address 192.168.8.43 with port 2152
[0m[UTIL]   threadCreate() for TASK_CU_F1: creating thread with affinity ffffffff, priority 50
[0m[93m[SCTP]   sctp_bindx() SCTP_BINDX_ADD_ADDR failed: errno 99 Cannot assign requested address
[0m[93m[GTPU]   bind: Cannot assign requested address
[0m[1;31m[GTPU]   failed to bind socket: 192.168.8.43 2152 
[0m[1;31m[GTPU]   can't create GTP-U instance
[0m[GTPU]   Created gtpu instance id: -1
[0m[1;31m[E1AP]   Failed to create CUUP N3 UDP listener[0m[1;31m[SCTP]   could not open socket, no SCTP connection established
[0m[NR_RRC]   Entering main loop of NR_RRC message task
[0m[NR_RRC]   Accepting new CU-UP ID 3584 name gNB-Eurecom-CU (assoc_id -1)
[0m[UTIL]   threadCreate() for TASK_GTPV1_U: creating thread with affinity ffffffff, priority 50
[0m[F1AP]   Starting F1AP at CU
[0m[ITTI]   Created Posix thread TASK_CU_F1
[0m[ITTI]   Created Posix thread TASK_GTPV1_U
[0m[F1AP]   F1AP_CU_SCTP_REQ(create socket) for 127.0.0.5 len 10
[0m[GTPU]   Initializing UDP for local address 127.0.0.5 with port 2152
[0m[GTPU]   Created gtpu instance id: 97
[0m[NR_RRC]   Received F1 Setup Request from gNB_DU 3584 (gNB-Eurecom-DU) on assoc_id 1098
[0m[RRC]   Accepting DU 3584 (gNB-Eurecom-DU), sending F1 Setup Response
[0m[RRC]   DU uses RRC version 17.3.0
[0m[NR_RRC]   Decoding CCCH: RNTI 31fe, payload_size 6
[0m[NR_RRC]   Created new UE context: CU UE ID 1 DU UE ID 12798 (rnti: 31fe, random ue id b04cfde3de000000)
[0m[RRC]   activate SRB 1 of UE 1
[0m[NR_RRC]   rrc_gNB_generate_RRCSetup for RNTI 31fe
[0m[32m[NR_RRC]   UE 1 Processing NR_RRCSetupComplete from UE
[0m[NR_RRC]   [FRAME 00000][gNB][MOD 00][RNTI 1] UE State = NR_RRC_CONNECTED 
[0m[93m[NGAP]   No AMF is associated to the gNB
[0m
===== DU stdout (tail -n 100) =====
Waiting for gNB L1 instances to all get configured ... sleeping 50ms (nb_nr_sL1_inst 1)
gNB L1 are configured
About to Init RU threads RC.nb_RU:1
Initializing RU threads
configuring RU from file
Set RU mask to 1
Creating RC.ru[0]:0x5ed8eb3c1490
Setting function for RU 0 to gNodeB_3GPP
[RU 0] Setting nr_flag 0, nr_band 78, nr_scs_for_raster 1
[RU 0] Setting half-slot parallelization to 1
configuring ru_id 0 (start_rf 0x5ed8dec3eef0)
wait RUs
shlib_path librfsimulator.so
[LOADER] library librfsimulator.so successfully loaded
Initializing random number generator, seed 3996842241146723088
setup_RU_buffers: frame_parms = 0x759c4aeaf010
waiting for sync (ru_thread,-1/0x5ed8df7f30ac,0x5ed8e00848c0,0x5ed8e0084880)
RC.ru_mask:00
ALL RUs READY!
RC.nb_RU:1
ALL RUs ready - init gNBs
Not NFAPI mode - call init_eNB_afterRU()
shlib_path libdfts.so
[LOADER] library libdfts.so successfully loaded
shlib_path libldpc.so
[LOADER] library libldpc.so successfully loaded
ALL RUs ready - ALL gNBs ready
Sending sync to all threads
Entering ITTI signals handler
TYPE <CTRL-C> TO TERMINATE
waiting for sync (L1_stats_thread,0/0x5ed8df7f30ac,0x5ed8e00848c0,0x5ed8e0084880)
got sync (L1_stats_thread)
got sync (ru_thread)
[PHY]   RU 0 rf device ready
[0m[PHY]   RU 0 RF started opp_enabled 0
[0m[HW]   No connected device, generating void samples...
[0m[32m[PHY]   Command line parameters for the UE: -C 3619200000 -r 106 --numerology 1 --ssb 516
[0m[HW]   A client connects, sending the current time
[0m[93m[HW]   Not supported to send Tx out of order 22179840, 22179839
[0m[NR_MAC]   Frame.Slot 128.0

[0m[NR_PHY]   [RAPROC] 183.19 Initiating RA procedure with preamble 55, energy 56.4 dB (I0 0, thres 120), delay 0 start symbol 0 freq index 0
[0m[NR_MAC]   183.19 UE RA-RNTI 010b TC-RNTI 31fe: Activating RA process index 0
[0m[32m[NR_MAC]   UE 31fe: 184.7 Generating RA-Msg2 DCI, RA RNTI 0x10b, state 1, CoreSetType 0, RAPID 55
[0m[NR_MAC]   UE 31fe: Msg3 scheduled at 184.17 (184.7 k2 7 TDA 3)
[0m[NR_MAC]   Starting RA Contention Resolution timer with 64 ms + 2 * 7 K2 (142 slots) duration
[0m[NR_MAC]   Adding new UE context with RNTI 0x31fe
[0m[NR_MAC]   [gNB 0][RAPROC] PUSCH with TC_RNTI 0x31fe received correctly, adding UE MAC Context RNTI 0x31fe
[0m[32m[NR_MAC]   [RAPROC] RA-Msg3 received (sdu_lenP 7)
[0m[RLC]   Activated srb0 for UE 12798
[0m[RLC]   Added srb 1 to UE 12798
[0m[NR_MAC]   Activating scheduling RA-Msg4 for TC_RNTI 0x31fe (state WAIT_Msg3)
[0m[93m[NR_MAC]   Unexpected ULSCH HARQ PID 0 (have -1) for RNTI 0x31fe (ignore this warning for RA)
[0m[NR_MAC]   No CU UE ID stored for UE RNTI 31fe, adding CU UE ID 1
[0m[1;31m[NR_MAC]   nr_generate_Msg4(): cannot find free vrb_map for RNTI 31fe!
[0m[NR_MAC]   UE 31fe Generate msg4: feedback at  185.17, payload 149 bytes, next state WAIT_Msg4_ACK
[0m[32m[NR_MAC]   (UE RNTI 0x31fe) Received Ack of RA-Msg4. CBRA procedure succeeded!
[0m[NR_MAC]   Frame.Slot 256.0
UE RNTI 31fe CU-UE-ID 1 in-sync PH 0 dB PCMAX 0 dBm, average RSRP -44 (8 meas)
UE 31fe: dlsch_rounds 2/0/0/0, dlsch_errors 0, pucch0_DTX 0, BLER 0.10000 MCS (0) 9
UE 31fe: ulsch_rounds 9/0/0/0, ulsch_errors 0, ulsch_DTX 0, BLER 0.05314 MCS (0) 9 (Qm 2  dB) NPRB 5  SNR 57.0 dB
UE 31fe: MAC:    TX            123 RX            952 bytes
UE 31fe: LCID 1: TX              3 RX             45 bytes

[0m[NR_MAC]   Frame.Slot 384.0
UE RNTI 31fe CU-UE-ID 1 in-sync PH 0 dB PCMAX 0 dBm, average RSRP -44 (16 meas)
UE 31fe: dlsch_rounds 3/0/0/0, dlsch_errors 0, pucch0_DTX 0, BLER 0.09000 MCS (0) 9
UE 31fe: ulsch_rounds 22/0/0/0, ulsch_errors 0, ulsch_DTX 0, BLER 0.01351 MCS (0) 9 (Qm 2  dB) NPRB 5  SNR 57.0 dB
UE 31fe: MAC:    TX            246 RX           2460 bytes
UE 31fe: LCID 1: TX              3 RX             45 bytes

[0m[NR_MAC]   Frame.Slot 512.0
UE RNTI 31fe CU-UE-ID 1 in-sync PH 0 dB PCMAX 0 dBm, average RSRP -44 (16 meas)
UE 31fe: dlsch_rounds 5/0/0/0, dlsch_errors 0, pucch0_DTX 0, BLER 0.07290 MCS (0) 9
UE 31fe: ulsch_rounds 35/0/0/0, ulsch_errors 0, ulsch_DTX 0, BLER 0.00343 MCS (0) 9 (Qm 2  dB) NPRB 5  SNR 57.0 dB
UE 31fe: MAC:    TX            492 RX           3968 bytes
UE 31fe: LCID 1: TX              3 RX             45 bytes

[0m[NR_MAC]   Frame.Slot 640.0
UE RNTI 31fe CU-UE-ID 1 in-sync PH 0 dB PCMAX 0 dBm, average RSRP -44 (16 meas)
UE 31fe: dlsch_rounds 6/0/0/0, dlsch_errors 0, pucch0_DTX 0, BLER 0.06561 MCS (0) 9
UE 31fe: ulsch_rounds 48/0/0/0, ulsch_errors 0, ulsch_DTX 0, BLER 0.00087 MCS (0) 9 (Qm 2  dB) NPRB 5  SNR 57.0 dB
UE 31fe: MAC:    TX            615 RX           5476 bytes
UE 31fe: LCID 1: TX              3 RX             45 bytes

[0m[NR_MAC]   Frame.Slot 768.0
UE RNTI 31fe CU-UE-ID 1 in-sync PH 0 dB PCMAX 0 dBm, average RSRP -44 (16 meas)
UE 31fe: dlsch_rounds 7/0/0/0, dlsch_errors 0, pucch0_DTX 0, BLER 0.05905 MCS (0) 9
UE 31fe: ulsch_rounds 60/0/0/0, ulsch_errors 0, ulsch_DTX 0, BLER 0.00025 MCS (0) 9 (Qm 2  dB) NPRB 5  SNR 57.0 dB
UE 31fe: MAC:    TX            738 RX           6868 bytes
UE 31fe: LCID 1: TX              3 RX             45 bytes

[0m[NR_MAC]   Frame.Slot 896.0
UE RNTI 31fe CU-UE-ID 1 in-sync PH 0 dB PCMAX 0 dBm, average RSRP -44 (16 meas)
UE 31fe: dlsch_rounds 9/0/0/0, dlsch_errors 0, pucch0_DTX 0, BLER 0.04783 MCS (0) 9
UE 31fe: ulsch_rounds 73/0/0/0, ulsch_errors 0, ulsch_DTX 0, BLER 0.00006 MCS (0) 9 (Qm 2  dB) NPRB 5  SNR 57.0 dB
UE 31fe: MAC:    TX            984 RX           8376 bytes
UE 31fe: LCID 1: TX              3 RX             45 bytes

[0m
===== UE stdout (tail -n 100) =====
[0m[1;31m[PHY]   [UE 0] frame 895, nr_slot_rx 10, Error decoding PBCH!
[0m[NR_PHY]   ============================================
[0m[NR_PHY]   Harq round stats for Downlink: 11/0/0
[0m[NR_PHY]   ============================================
[0m[1;31m[PHY]   [UE 0] frame 896, nr_slot_rx 10, Error decoding PBCH!
[0m[1;31m[PHY]   [UE 0] frame 897, nr_slot_rx 10, Error decoding PBCH!
[0m[NR_MAC]   NR band duplex spacing is 0 KHz (nr_bandtable[40].band = 78)
[0m[NR_MAC]   NR band 78, duplex mode TDD, duplex spacing = 0 KHz
[0m[1;31m[PHY]   [UE 0] frame 898, nr_slot_rx 10, Error decoding PBCH!
[0m[1;31m[PHY]   [UE 0] frame 899, nr_slot_rx 10, Error decoding PBCH!
[0m[1;31m[PHY]   [UE 0] frame 900, nr_slot_rx 10, Error decoding PBCH!
[0m[1;31m[PHY]   [UE 0] frame 901, nr_slot_rx 10, Error decoding PBCH!
[0m[1;31m[PHY]   [UE 0] frame 902, nr_slot_rx 10, Error decoding PBCH!
[0m[1;31m[PHY]   [UE 0] frame 903, nr_slot_rx 10, Error decoding PBCH!
[0m[1;31m[PHY]   [UE 0] frame 904, nr_slot_rx 10, Error decoding PBCH!
[0m[1;31m[PHY]   [UE 0] frame 905, nr_slot_rx 10, Error decoding PBCH!
[0m[1;31m[PHY]   [UE 0] frame 906, nr_slot_rx 10, Error decoding PBCH!
[0m[1;31m[PHY]   [UE 0] frame 907, nr_slot_rx 10, Error decoding PBCH!
[0m[NR_MAC]   NR band duplex spacing is 0 KHz (nr_bandtable[40].band = 78)
[0m[NR_MAC]   NR band 78, duplex mode TDD, duplex spacing = 0 KHz
[0m[1;31m[PHY]   [UE 0] frame 908, nr_slot_rx 10, Error decoding PBCH!
[0m[1;31m[PHY]   [UE 0] frame 909, nr_slot_rx 10, Error decoding PBCH!
[0m[1;31m[PHY]   [UE 0] frame 910, nr_slot_rx 10, Error decoding PBCH!
[0m[1;31m[PHY]   [UE 0] frame 911, nr_slot_rx 10, Error decoding PBCH!
[0m[1;31m[PHY]   [UE 0] frame 912, nr_slot_rx 10, Error decoding PBCH!
[0m[1;31m[PHY]   [UE 0] frame 913, nr_slot_rx 10, Error decoding PBCH!
[0m[1;31m[PHY]   [UE 0] frame 914, nr_slot_rx 10, Error decoding PBCH!
[0m[1;31m[PHY]   [UE 0] frame 915, nr_slot_rx 10, Error decoding PBCH!
[0m[1;31m[PHY]   [UE 0] frame 916, nr_slot_rx 10, Error decoding PBCH!
[0m[1;31m[PHY]   [UE 0] frame 917, nr_slot_rx 10, Error decoding PBCH!
[0m[NR_MAC]   NR band duplex spacing is 0 KHz (nr_bandtable[40].band = 78)
[0m[NR_MAC]   NR band 78, duplex mode TDD, duplex spacing = 0 KHz
[0m[1;31m[PHY]   [UE 0] frame 918, nr_slot_rx 10, Error decoding PBCH!
[0m[1;31m[PHY]   [UE 0] frame 919, nr_slot_rx 10, Error decoding PBCH!
[0m[1;31m[PHY]   [UE 0] frame 920, nr_slot_rx 10, Error decoding PBCH!
[0m[1;31m[PHY]   [UE 0] frame 921, nr_slot_rx 10, Error decoding PBCH!
[0m[1;31m[PHY]   [UE 0] frame 922, nr_slot_rx 10, Error decoding PBCH!
[0m[1;31m[PHY]   [UE 0] frame 923, nr_slot_rx 10, Error decoding PBCH!
[0m[1;31m[PHY]   [UE 0] frame 924, nr_slot_rx 10, Error decoding PBCH!
[0m[1;31m[PHY]   [UE 0] frame 925, nr_slot_rx 10, Error decoding PBCH!
[0m[1;31m[PHY]   [UE 0] frame 926, nr_slot_rx 10, Error decoding PBCH!
[0m[1;31m[PHY]   [UE 0] frame 927, nr_slot_rx 10, Error decoding PBCH!
[0m[NR_MAC]   NR band duplex spacing is 0 KHz (nr_bandtable[40].band = 78)
[0m[NR_MAC]   NR band 78, duplex mode TDD, duplex spacing = 0 KHz
[0m[1;31m[PHY]   [UE 0] frame 928, nr_slot_rx 10, Error decoding PBCH!
[0m[1;31m[PHY]   [UE 0] frame 929, nr_slot_rx 10, Error decoding PBCH!
[0m[1;31m[PHY]   [UE 0] frame 930, nr_slot_rx 10, Error decoding PBCH!
[0m[1;31m[PHY]   [UE 0] frame 931, nr_slot_rx 10, Error decoding PBCH!
[0m[1;31m[PHY]   [UE 0] frame 932, nr_slot_rx 10, Error decoding PBCH!
[0m[1;31m[PHY]   [UE 0] frame 933, nr_slot_rx 10, Error decoding PBCH!
[0m[1;31m[PHY]   [UE 0] frame 934, nr_slot_rx 10, Error decoding PBCH!
[0m[1;31m[PHY]   [UE 0] frame 935, nr_slot_rx 10, Error decoding PBCH!
[0m[1;31m[PHY]   [UE 0] frame 936, nr_slot_rx 10, Error decoding PBCH!
[0m[1;31m[PHY]   [UE 0] frame 937, nr_slot_rx 10, Error decoding PBCH!
[0m[NR_MAC]   NR band duplex spacing is 0 KHz (nr_bandtable[40].band = 78)
[0m[NR_MAC]   NR band 78, duplex mode TDD, duplex spacing = 0 KHz
[0m[1;31m[PHY]   [UE 0] frame 938, nr_slot_rx 10, Error decoding PBCH!
[0m[1;31m[PHY]   [UE 0] frame 939, nr_slot_rx 10, Error decoding PBCH!
[0m[1;31m[PHY]   [UE 0] frame 940, nr_slot_rx 10, Error decoding PBCH!
[0m[1;31m[PHY]   [UE 0] frame 941, nr_slot_rx 10, Error decoding PBCH!
[0m[1;31m[PHY]   [UE 0] frame 942, nr_slot_rx 10, Error decoding PBCH!
[0m[1;31m[PHY]   [UE 0] frame 943, nr_slot_rx 10, Error decoding PBCH!
[0m[1;31m[PHY]   [UE 0] frame 944, nr_slot_rx 10, Error decoding PBCH!
[0m[1;31m[PHY]   [UE 0] frame 945, nr_slot_rx 10, Error decoding PBCH!
[0m[1;31m[PHY]   [UE 0] frame 946, nr_slot_rx 10, Error decoding PBCH!
[0m[1;31m[PHY]   [UE 0] frame 947, nr_slot_rx 10, Error decoding PBCH!
[0m[NR_MAC]   NR band duplex spacing is 0 KHz (nr_bandtable[40].band = 78)
[0m[NR_MAC]   NR band 78, duplex mode TDD, duplex spacing = 0 KHz
[0m[1;31m[PHY]   [UE 0] frame 948, nr_slot_rx 10, Error decoding PBCH!
[0m[1;31m[PHY]   [UE 0] frame 949, nr_slot_rx 10, Error decoding PBCH!
[0m[1;31m[PHY]   [UE 0] frame 950, nr_slot_rx 10, Error decoding PBCH!
[0m[1;31m[PHY]   [UE 0] frame 951, nr_slot_rx 10, Error decoding PBCH!
[0m[1;31m[PHY]   [UE 0] frame 952, nr_slot_rx 10, Error decoding PBCH!
[0m[1;31m[PHY]   [UE 0] frame 953, nr_slot_rx 10, Error decoding PBCH!
[0m[1;31m[PHY]   [UE 0] frame 954, nr_slot_rx 10, Error decoding PBCH!
[0m[1;31m[PHY]   [UE 0] frame 955, nr_slot_rx 10, Error decoding PBCH!
[0m[1;31m[PHY]   [UE 0] frame 956, nr_slot_rx 10, Error decoding PBCH!
[0m[1;31m[PHY]   [UE 0] frame 957, nr_slot_rx 10, Error decoding PBCH!
[0m[NR_MAC]   NR band duplex spacing is 0 KHz (nr_bandtable[40].band = 78)
[0m[NR_MAC]   NR band 78, duplex mode TDD, duplex spacing = 0 KHz
[0m[1;31m[PHY]   [UE 0] frame 958, nr_slot_rx 10, Error decoding PBCH!
[0m[1;31m[PHY]   [UE 0] frame 959, nr_slot_rx 10, Error decoding PBCH!
[0m[NR_PHY]   ============================================
[0m[NR_PHY]   Harq round stats for Downlink: 11/0/0
[0m[NR_PHY]   ============================================
[0m[1;31m[PHY]   [UE 0] frame 960, nr_slot_rx 10, Error decoding PBCH!
[0m[1;31m[PHY]   [UE 0] frame 961, nr_slot_rx 10, Error decoding PBCH!
[0m[1;31m[PHY]   [UE 0] frame 962, nr_slot_rx 10, Error decoding PBCH!
[0m[1;31m[PHY]   [UE 0] frame 963, nr_slot_rx 10, Error decoding PBCH!
[0m[1;31m[PHY]   [UE 0] frame 964, nr_slot_rx 10, Error decoding PBCH!
[0m[1;31m[PHY]   [UE 0] frame 965, nr_slot_rx 10, Error decoding PBCH!
[0m[1;31m[PHY]   [UE 0] frame 966, nr_slot_rx 10, Error decoding PBCH!
[0m[1;31m[PHY]   [UE 0] frame 967, nr_slot_rx 10, Error decoding PBCH!
[0m[NR_MAC]   NR band duplex spacing is 0 KHz (nr_bandtable[40].band = 78)
[0m[NR_MAC]   NR band 78, duplex mode TDD, duplex spacing = 0 KHz
[0m[1;31m[PHY]   [UE 0] frame 968, nr_slot_rx 10, Error decoding PBCH!
[0m[1;31m[PHY]   [UE 0] frame 969, nr_slot_rx 10, Error decoding PBCH!
[0m[1;31m[PHY]   [UE 0] frame 970, nr_slot_rx 10, Error decoding PBCH!
[0m[1;31m[PHY]   [UE 0] frame 971, nr_slot_rx 10, Error decoding PBCH!
[0m
